[29-Mar-2025 07:45:46 UTC] PHP Warning:  Undefined property: stdClass::$color in C:\xampp\htdocs\Latihan-Web\Web-Tools\Pribadi\themes\altum\views\partials\plans.php on line 81
[29-Mar-2025 07:45:46 UTC] PHP Warning:  Undefined property: stdClass::$translations in C:\xampp\htdocs\Latihan-Web\Web-Tools\Pribadi\themes\altum\views\partials\plans.php on line 83
[29-Mar-2025 07:45:46 UTC] PHP Warning:  Attempt to read property "english" on null in C:\xampp\htdocs\Latihan-Web\Web-Tools\Pribadi\themes\altum\views\partials\plans.php on line 83
[29-Mar-2025 07:45:46 UTC] PHP Warning:  Attempt to read property "name" on null in C:\xampp\htdocs\Latihan-Web\Web-Tools\Pribadi\themes\altum\views\partials\plans.php on line 83
[29-Mar-2025 07:45:46 UTC] PHP Warning:  Undefined property: stdClass::$translations in C:\xampp\htdocs\Latihan-Web\Web-Tools\Pribadi\themes\altum\views\partials\plans.php on line 86
[29-Mar-2025 07:45:46 UTC] PHP Warning:  Attempt to read property "english" on null in C:\xampp\htdocs\Latihan-Web\Web-Tools\Pribadi\themes\altum\views\partials\plans.php on line 86
[29-Mar-2025 07:45:46 UTC] PHP Warning:  Attempt to read property "price" on null in C:\xampp\htdocs\Latihan-Web\Web-Tools\Pribadi\themes\altum\views\partials\plans.php on line 86
[29-Mar-2025 07:45:46 UTC] PHP Warning:  Undefined property: stdClass::$price in C:\xampp\htdocs\Latihan-Web\Web-Tools\Pribadi\themes\altum\views\partials\plans.php on line 86
[29-Mar-2025 07:45:46 UTC] PHP Warning:  Undefined property: stdClass::$translations in C:\xampp\htdocs\Latihan-Web\Web-Tools\Pribadi\themes\altum\views\partials\plans.php on line 89
[29-Mar-2025 07:45:46 UTC] PHP Warning:  Attempt to read property "english" on null in C:\xampp\htdocs\Latihan-Web\Web-Tools\Pribadi\themes\altum\views\partials\plans.php on line 89
[29-Mar-2025 07:45:46 UTC] PHP Warning:  Attempt to read property "description" on null in C:\xampp\htdocs\Latihan-Web\Web-Tools\Pribadi\themes\altum\views\partials\plans.php on line 89
[29-Mar-2025 07:45:46 UTC] PHP Warning:  Undefined property: stdClass::$description in C:\xampp\htdocs\Latihan-Web\Web-Tools\Pribadi\themes\altum\views\partials\plans.php on line 89
[29-Mar-2025 07:45:46 UTC] PHP Warning:  Undefined property: stdClass::$biolink_blocks_limit in C:\xampp\htdocs\Latihan-Web\Web-Tools\Pribadi\themes\altum\views\partials\plans_plan_content.php on line 14
[29-Mar-2025 07:45:46 UTC] PHP Warning:  Undefined property: stdClass::$biolink_blocks_limit in C:\xampp\htdocs\Latihan-Web\Web-Tools\Pribadi\themes\altum\views\partials\plans_plan_content.php on line 14
[29-Mar-2025 07:45:46 UTC] PHP Warning:  Undefined property: stdClass::$files_limit in C:\xampp\htdocs\Latihan-Web\Web-Tools\Pribadi\themes\altum\views\partials\plans_plan_content.php on line 51
[29-Mar-2025 07:45:46 UTC] PHP Warning:  Undefined property: stdClass::$files_limit in C:\xampp\htdocs\Latihan-Web\Web-Tools\Pribadi\themes\altum\views\partials\plans_plan_content.php on line 51
[29-Mar-2025 07:45:46 UTC] PHP Warning:  Undefined property: stdClass::$vcards_limit in C:\xampp\htdocs\Latihan-Web\Web-Tools\Pribadi\themes\altum\views\partials\plans_plan_content.php on line 57
[29-Mar-2025 07:45:46 UTC] PHP Warning:  Undefined property: stdClass::$vcards_limit in C:\xampp\htdocs\Latihan-Web\Web-Tools\Pribadi\themes\altum\views\partials\plans_plan_content.php on line 57
[29-Mar-2025 07:45:46 UTC] PHP Warning:  Undefined property: stdClass::$events_limit in C:\xampp\htdocs\Latihan-Web\Web-Tools\Pribadi\themes\altum\views\partials\plans_plan_content.php on line 63
[29-Mar-2025 07:45:46 UTC] PHP Warning:  Undefined property: stdClass::$events_limit in C:\xampp\htdocs\Latihan-Web\Web-Tools\Pribadi\themes\altum\views\partials\plans_plan_content.php on line 63
[29-Mar-2025 07:45:46 UTC] PHP Warning:  Undefined property: stdClass::$static_limit in C:\xampp\htdocs\Latihan-Web\Web-Tools\Pribadi\themes\altum\views\partials\plans_plan_content.php on line 69
[29-Mar-2025 07:45:46 UTC] PHP Warning:  Undefined property: stdClass::$static_limit in C:\xampp\htdocs\Latihan-Web\Web-Tools\Pribadi\themes\altum\views\partials\plans_plan_content.php on line 69
[29-Mar-2025 07:45:46 UTC] PHP Warning:  Undefined property: stdClass::$qr_codes_limit in C:\xampp\htdocs\Latihan-Web\Web-Tools\Pribadi\themes\altum\views\partials\plans_plan_content.php on line 75
[29-Mar-2025 07:45:46 UTC] PHP Warning:  Undefined property: stdClass::$qr_codes_limit in C:\xampp\htdocs\Latihan-Web\Web-Tools\Pribadi\themes\altum\views\partials\plans_plan_content.php on line 75
[29-Mar-2025 07:45:46 UTC] PHP Warning:  Undefined property: stdClass::$qr_codes_bulk_limit in C:\xampp\htdocs\Latihan-Web\Web-Tools\Pribadi\themes\altum\views\partials\plans_plan_content.php on line 79
[29-Mar-2025 07:45:46 UTC] PHP Warning:  Undefined property: stdClass::$qr_codes_bulk_limit in C:\xampp\htdocs\Latihan-Web\Web-Tools\Pribadi\themes\altum\views\partials\plans_plan_content.php on line 79
[29-Mar-2025 07:45:46 UTC] PHP Warning:  Undefined property: stdClass::$splash_pages_limit in C:\xampp\htdocs\Latihan-Web\Web-Tools\Pribadi\themes\altum\views\partials\plans_plan_content.php on line 144
[29-Mar-2025 07:45:46 UTC] PHP Warning:  Undefined property: stdClass::$splash_pages_limit in C:\xampp\htdocs\Latihan-Web\Web-Tools\Pribadi\themes\altum\views\partials\plans_plan_content.php on line 144
[29-Mar-2025 07:45:46 UTC] PHP Warning:  Undefined property: stdClass::$teams_limit in C:\xampp\htdocs\Latihan-Web\Web-Tools\Pribadi\themes\altum\views\partials\plans_plan_content.php on line 156
[29-Mar-2025 07:45:46 UTC] PHP Warning:  Undefined property: stdClass::$teams_limit in C:\xampp\htdocs\Latihan-Web\Web-Tools\Pribadi\themes\altum\views\partials\plans_plan_content.php on line 156
[29-Mar-2025 07:45:46 UTC] PHP Warning:  Undefined property: stdClass::$team_members_limit in C:\xampp\htdocs\Latihan-Web\Web-Tools\Pribadi\themes\altum\views\partials\plans_plan_content.php on line 160
[29-Mar-2025 07:45:46 UTC] PHP Warning:  Undefined property: stdClass::$team_members_limit in C:\xampp\htdocs\Latihan-Web\Web-Tools\Pribadi\themes\altum\views\partials\plans_plan_content.php on line 160
[29-Mar-2025 07:45:46 UTC] PHP Warning:  Undefined property: stdClass::$track_links_retention in C:\xampp\htdocs\Latihan-Web\Web-Tools\Pribadi\themes\altum\views\partials\plans_plan_content.php on line 177
[29-Mar-2025 07:45:46 UTC] PHP Warning:  Undefined property: stdClass::$track_links_retention in C:\xampp\htdocs\Latihan-Web\Web-Tools\Pribadi\themes\altum\views\partials\plans_plan_content.php on line 177
[29-Mar-2025 07:45:46 UTC] PHP Warning:  Undefined property: stdClass::$force_splash_page_on_link in C:\xampp\htdocs\Latihan-Web\Web-Tools\Pribadi\themes\altum\views\partials\plans_plan_content.php on line 195
[29-Mar-2025 07:45:46 UTC] PHP Warning:  Undefined property: stdClass::$force_splash_page_on_biolink in C:\xampp\htdocs\Latihan-Web\Web-Tools\Pribadi\themes\altum\views\partials\plans_plan_content.php on line 195
[29-Mar-2025 07:45:46 UTC] PHP Warning:  Undefined property: stdClass::$force_splash_page_on_file in C:\xampp\htdocs\Latihan-Web\Web-Tools\Pribadi\themes\altum\views\partials\plans_plan_content.php on line 195
[29-Mar-2025 07:45:46 UTC] PHP Warning:  Undefined property: stdClass::$force_splash_page_on_static in C:\xampp\htdocs\Latihan-Web\Web-Tools\Pribadi\themes\altum\views\partials\plans_plan_content.php on line 195
[29-Mar-2025 07:45:46 UTC] PHP Warning:  Undefined property: stdClass::$force_splash_page_on_vcard in C:\xampp\htdocs\Latihan-Web\Web-Tools\Pribadi\themes\altum\views\partials\plans_plan_content.php on line 195
[29-Mar-2025 07:45:46 UTC] PHP Warning:  Undefined property: stdClass::$force_splash_page_on_event in C:\xampp\htdocs\Latihan-Web\Web-Tools\Pribadi\themes\altum\views\partials\plans_plan_content.php on line 195
[29-Mar-2025 07:45:46 UTC] PHP Warning:  Undefined property: stdClass::$dofollow_is_enabled in C:\xampp\htdocs\Latihan-Web\Web-Tools\Pribadi\themes\altum\views\partials\plans_plan_content.php on line 214
[29-Mar-2025 07:45:46 UTC] PHP Warning:  Undefined property: stdClass::$dofollow_is_enabled in C:\xampp\htdocs\Latihan-Web\Web-Tools\Pribadi\themes\altum\views\partials\plans_plan_content.php on line 220
[29-Mar-2025 07:45:46 UTC] PHP Warning:  Undefined property: stdClass::$custom_css_is_enabled in C:\xampp\htdocs\Latihan-Web\Web-Tools\Pribadi\themes\altum\views\partials\plans_plan_content.php on line 214
[29-Mar-2025 07:45:46 UTC] PHP Warning:  Undefined property: stdClass::$custom_css_is_enabled in C:\xampp\htdocs\Latihan-Web\Web-Tools\Pribadi\themes\altum\views\partials\plans_plan_content.php on line 220
[29-Mar-2025 07:45:46 UTC] PHP Warning:  Undefined property: stdClass::$custom_js_is_enabled in C:\xampp\htdocs\Latihan-Web\Web-Tools\Pribadi\themes\altum\views\partials\plans_plan_content.php on line 214
[29-Mar-2025 07:45:46 UTC] PHP Warning:  Undefined property: stdClass::$custom_js_is_enabled in C:\xampp\htdocs\Latihan-Web\Web-Tools\Pribadi\themes\altum\views\partials\plans_plan_content.php on line 220
[29-Mar-2025 07:45:46 UTC] PHP Warning:  Undefined property: stdClass::$cloaking_is_enabled in C:\xampp\htdocs\Latihan-Web\Web-Tools\Pribadi\themes\altum\views\partials\plans_plan_content.php on line 214
[29-Mar-2025 07:45:46 UTC] PHP Warning:  Undefined property: stdClass::$cloaking_is_enabled in C:\xampp\htdocs\Latihan-Web\Web-Tools\Pribadi\themes\altum\views\partials\plans_plan_content.php on line 220
[29-Mar-2025 07:45:46 UTC] PHP Warning:  Undefined property: stdClass::$app_linking_is_enabled in C:\xampp\htdocs\Latihan-Web\Web-Tools\Pribadi\themes\altum\views\partials\plans_plan_content.php on line 214
[29-Mar-2025 07:45:46 UTC] PHP Warning:  Undefined property: stdClass::$app_linking_is_enabled in C:\xampp\htdocs\Latihan-Web\Web-Tools\Pribadi\themes\altum\views\partials\plans_plan_content.php on line 220
[29-Mar-2025 07:46:08 UTC] PHP Warning:  Undefined property: stdClass::$color in C:\xampp\htdocs\Latihan-Web\Web-Tools\Pribadi\themes\altum\views\partials\plans.php on line 81
[29-Mar-2025 07:46:08 UTC] PHP Warning:  Undefined property: stdClass::$translations in C:\xampp\htdocs\Latihan-Web\Web-Tools\Pribadi\themes\altum\views\partials\plans.php on line 83
[29-Mar-2025 07:46:08 UTC] PHP Warning:  Attempt to read property "english" on null in C:\xampp\htdocs\Latihan-Web\Web-Tools\Pribadi\themes\altum\views\partials\plans.php on line 83
[29-Mar-2025 07:46:08 UTC] PHP Warning:  Attempt to read property "name" on null in C:\xampp\htdocs\Latihan-Web\Web-Tools\Pribadi\themes\altum\views\partials\plans.php on line 83
[29-Mar-2025 07:46:08 UTC] PHP Warning:  Undefined property: stdClass::$translations in C:\xampp\htdocs\Latihan-Web\Web-Tools\Pribadi\themes\altum\views\partials\plans.php on line 86
[29-Mar-2025 07:46:08 UTC] PHP Warning:  Attempt to read property "english" on null in C:\xampp\htdocs\Latihan-Web\Web-Tools\Pribadi\themes\altum\views\partials\plans.php on line 86
[29-Mar-2025 07:46:08 UTC] PHP Warning:  Attempt to read property "price" on null in C:\xampp\htdocs\Latihan-Web\Web-Tools\Pribadi\themes\altum\views\partials\plans.php on line 86
[29-Mar-2025 07:46:08 UTC] PHP Warning:  Undefined property: stdClass::$price in C:\xampp\htdocs\Latihan-Web\Web-Tools\Pribadi\themes\altum\views\partials\plans.php on line 86
[29-Mar-2025 07:46:08 UTC] PHP Warning:  Undefined property: stdClass::$translations in C:\xampp\htdocs\Latihan-Web\Web-Tools\Pribadi\themes\altum\views\partials\plans.php on line 89
[29-Mar-2025 07:46:08 UTC] PHP Warning:  Attempt to read property "english" on null in C:\xampp\htdocs\Latihan-Web\Web-Tools\Pribadi\themes\altum\views\partials\plans.php on line 89
[29-Mar-2025 07:46:08 UTC] PHP Warning:  Attempt to read property "description" on null in C:\xampp\htdocs\Latihan-Web\Web-Tools\Pribadi\themes\altum\views\partials\plans.php on line 89
[29-Mar-2025 07:46:08 UTC] PHP Warning:  Undefined property: stdClass::$description in C:\xampp\htdocs\Latihan-Web\Web-Tools\Pribadi\themes\altum\views\partials\plans.php on line 89
[29-Mar-2025 07:46:08 UTC] PHP Warning:  Undefined property: stdClass::$biolink_blocks_limit in C:\xampp\htdocs\Latihan-Web\Web-Tools\Pribadi\themes\altum\views\partials\plans_plan_content.php on line 14
[29-Mar-2025 07:46:08 UTC] PHP Warning:  Undefined property: stdClass::$biolink_blocks_limit in C:\xampp\htdocs\Latihan-Web\Web-Tools\Pribadi\themes\altum\views\partials\plans_plan_content.php on line 14
[29-Mar-2025 07:46:08 UTC] PHP Warning:  Undefined property: stdClass::$files_limit in C:\xampp\htdocs\Latihan-Web\Web-Tools\Pribadi\themes\altum\views\partials\plans_plan_content.php on line 51
[29-Mar-2025 07:46:08 UTC] PHP Warning:  Undefined property: stdClass::$files_limit in C:\xampp\htdocs\Latihan-Web\Web-Tools\Pribadi\themes\altum\views\partials\plans_plan_content.php on line 51
[29-Mar-2025 07:46:08 UTC] PHP Warning:  Undefined property: stdClass::$vcards_limit in C:\xampp\htdocs\Latihan-Web\Web-Tools\Pribadi\themes\altum\views\partials\plans_plan_content.php on line 57
[29-Mar-2025 07:46:08 UTC] PHP Warning:  Undefined property: stdClass::$vcards_limit in C:\xampp\htdocs\Latihan-Web\Web-Tools\Pribadi\themes\altum\views\partials\plans_plan_content.php on line 57
[29-Mar-2025 07:46:08 UTC] PHP Warning:  Undefined property: stdClass::$events_limit in C:\xampp\htdocs\Latihan-Web\Web-Tools\Pribadi\themes\altum\views\partials\plans_plan_content.php on line 63
[29-Mar-2025 07:46:08 UTC] PHP Warning:  Undefined property: stdClass::$events_limit in C:\xampp\htdocs\Latihan-Web\Web-Tools\Pribadi\themes\altum\views\partials\plans_plan_content.php on line 63
[29-Mar-2025 07:46:08 UTC] PHP Warning:  Undefined property: stdClass::$static_limit in C:\xampp\htdocs\Latihan-Web\Web-Tools\Pribadi\themes\altum\views\partials\plans_plan_content.php on line 69
[29-Mar-2025 07:46:08 UTC] PHP Warning:  Undefined property: stdClass::$static_limit in C:\xampp\htdocs\Latihan-Web\Web-Tools\Pribadi\themes\altum\views\partials\plans_plan_content.php on line 69
[29-Mar-2025 07:46:08 UTC] PHP Warning:  Undefined property: stdClass::$qr_codes_limit in C:\xampp\htdocs\Latihan-Web\Web-Tools\Pribadi\themes\altum\views\partials\plans_plan_content.php on line 75
[29-Mar-2025 07:46:08 UTC] PHP Warning:  Undefined property: stdClass::$qr_codes_limit in C:\xampp\htdocs\Latihan-Web\Web-Tools\Pribadi\themes\altum\views\partials\plans_plan_content.php on line 75
[29-Mar-2025 07:46:08 UTC] PHP Warning:  Undefined property: stdClass::$qr_codes_bulk_limit in C:\xampp\htdocs\Latihan-Web\Web-Tools\Pribadi\themes\altum\views\partials\plans_plan_content.php on line 79
[29-Mar-2025 07:46:08 UTC] PHP Warning:  Undefined property: stdClass::$qr_codes_bulk_limit in C:\xampp\htdocs\Latihan-Web\Web-Tools\Pribadi\themes\altum\views\partials\plans_plan_content.php on line 79
[29-Mar-2025 07:46:08 UTC] PHP Warning:  Undefined property: stdClass::$splash_pages_limit in C:\xampp\htdocs\Latihan-Web\Web-Tools\Pribadi\themes\altum\views\partials\plans_plan_content.php on line 144
[29-Mar-2025 07:46:08 UTC] PHP Warning:  Undefined property: stdClass::$splash_pages_limit in C:\xampp\htdocs\Latihan-Web\Web-Tools\Pribadi\themes\altum\views\partials\plans_plan_content.php on line 144
[29-Mar-2025 07:46:08 UTC] PHP Warning:  Undefined property: stdClass::$teams_limit in C:\xampp\htdocs\Latihan-Web\Web-Tools\Pribadi\themes\altum\views\partials\plans_plan_content.php on line 156
[29-Mar-2025 07:46:08 UTC] PHP Warning:  Undefined property: stdClass::$teams_limit in C:\xampp\htdocs\Latihan-Web\Web-Tools\Pribadi\themes\altum\views\partials\plans_plan_content.php on line 156
[29-Mar-2025 07:46:08 UTC] PHP Warning:  Undefined property: stdClass::$team_members_limit in C:\xampp\htdocs\Latihan-Web\Web-Tools\Pribadi\themes\altum\views\partials\plans_plan_content.php on line 160
[29-Mar-2025 07:46:08 UTC] PHP Warning:  Undefined property: stdClass::$team_members_limit in C:\xampp\htdocs\Latihan-Web\Web-Tools\Pribadi\themes\altum\views\partials\plans_plan_content.php on line 160
[29-Mar-2025 07:46:08 UTC] PHP Warning:  Undefined property: stdClass::$track_links_retention in C:\xampp\htdocs\Latihan-Web\Web-Tools\Pribadi\themes\altum\views\partials\plans_plan_content.php on line 177
[29-Mar-2025 07:46:08 UTC] PHP Warning:  Undefined property: stdClass::$track_links_retention in C:\xampp\htdocs\Latihan-Web\Web-Tools\Pribadi\themes\altum\views\partials\plans_plan_content.php on line 177
[29-Mar-2025 07:46:08 UTC] PHP Warning:  Undefined property: stdClass::$force_splash_page_on_link in C:\xampp\htdocs\Latihan-Web\Web-Tools\Pribadi\themes\altum\views\partials\plans_plan_content.php on line 195
[29-Mar-2025 07:46:08 UTC] PHP Warning:  Undefined property: stdClass::$force_splash_page_on_biolink in C:\xampp\htdocs\Latihan-Web\Web-Tools\Pribadi\themes\altum\views\partials\plans_plan_content.php on line 195
[29-Mar-2025 07:46:08 UTC] PHP Warning:  Undefined property: stdClass::$force_splash_page_on_file in C:\xampp\htdocs\Latihan-Web\Web-Tools\Pribadi\themes\altum\views\partials\plans_plan_content.php on line 195
[29-Mar-2025 07:46:08 UTC] PHP Warning:  Undefined property: stdClass::$force_splash_page_on_static in C:\xampp\htdocs\Latihan-Web\Web-Tools\Pribadi\themes\altum\views\partials\plans_plan_content.php on line 195
[29-Mar-2025 07:46:08 UTC] PHP Warning:  Undefined property: stdClass::$force_splash_page_on_vcard in C:\xampp\htdocs\Latihan-Web\Web-Tools\Pribadi\themes\altum\views\partials\plans_plan_content.php on line 195
[29-Mar-2025 07:46:08 UTC] PHP Warning:  Undefined property: stdClass::$force_splash_page_on_event in C:\xampp\htdocs\Latihan-Web\Web-Tools\Pribadi\themes\altum\views\partials\plans_plan_content.php on line 195
[29-Mar-2025 07:46:08 UTC] PHP Warning:  Undefined property: stdClass::$dofollow_is_enabled in C:\xampp\htdocs\Latihan-Web\Web-Tools\Pribadi\themes\altum\views\partials\plans_plan_content.php on line 214
[29-Mar-2025 07:46:08 UTC] PHP Warning:  Undefined property: stdClass::$dofollow_is_enabled in C:\xampp\htdocs\Latihan-Web\Web-Tools\Pribadi\themes\altum\views\partials\plans_plan_content.php on line 220
[29-Mar-2025 07:46:08 UTC] PHP Warning:  Undefined property: stdClass::$custom_css_is_enabled in C:\xampp\htdocs\Latihan-Web\Web-Tools\Pribadi\themes\altum\views\partials\plans_plan_content.php on line 214
[29-Mar-2025 07:46:08 UTC] PHP Warning:  Undefined property: stdClass::$custom_css_is_enabled in C:\xampp\htdocs\Latihan-Web\Web-Tools\Pribadi\themes\altum\views\partials\plans_plan_content.php on line 220
[29-Mar-2025 07:46:08 UTC] PHP Warning:  Undefined property: stdClass::$custom_js_is_enabled in C:\xampp\htdocs\Latihan-Web\Web-Tools\Pribadi\themes\altum\views\partials\plans_plan_content.php on line 214
[29-Mar-2025 07:46:08 UTC] PHP Warning:  Undefined property: stdClass::$custom_js_is_enabled in C:\xampp\htdocs\Latihan-Web\Web-Tools\Pribadi\themes\altum\views\partials\plans_plan_content.php on line 220
[29-Mar-2025 07:46:08 UTC] PHP Warning:  Undefined property: stdClass::$cloaking_is_enabled in C:\xampp\htdocs\Latihan-Web\Web-Tools\Pribadi\themes\altum\views\partials\plans_plan_content.php on line 214
[29-Mar-2025 07:46:08 UTC] PHP Warning:  Undefined property: stdClass::$cloaking_is_enabled in C:\xampp\htdocs\Latihan-Web\Web-Tools\Pribadi\themes\altum\views\partials\plans_plan_content.php on line 220
[29-Mar-2025 07:46:08 UTC] PHP Warning:  Undefined property: stdClass::$app_linking_is_enabled in C:\xampp\htdocs\Latihan-Web\Web-Tools\Pribadi\themes\altum\views\partials\plans_plan_content.php on line 214
[29-Mar-2025 07:46:08 UTC] PHP Warning:  Undefined property: stdClass::$app_linking_is_enabled in C:\xampp\htdocs\Latihan-Web\Web-Tools\Pribadi\themes\altum\views\partials\plans_plan_content.php on line 220
[29-Mar-2025 07:46:26 UTC] PHP Warning:  Undefined property: stdClass::$color in C:\xampp\htdocs\Latihan-Web\Web-Tools\Pribadi\themes\altum\views\partials\plans.php on line 81
[29-Mar-2025 07:46:26 UTC] PHP Warning:  Undefined property: stdClass::$translations in C:\xampp\htdocs\Latihan-Web\Web-Tools\Pribadi\themes\altum\views\partials\plans.php on line 83
[29-Mar-2025 07:46:26 UTC] PHP Warning:  Attempt to read property "english" on null in C:\xampp\htdocs\Latihan-Web\Web-Tools\Pribadi\themes\altum\views\partials\plans.php on line 83
[29-Mar-2025 07:46:26 UTC] PHP Warning:  Attempt to read property "name" on null in C:\xampp\htdocs\Latihan-Web\Web-Tools\Pribadi\themes\altum\views\partials\plans.php on line 83
[29-Mar-2025 07:46:26 UTC] PHP Warning:  Undefined property: stdClass::$translations in C:\xampp\htdocs\Latihan-Web\Web-Tools\Pribadi\themes\altum\views\partials\plans.php on line 86
[29-Mar-2025 07:46:26 UTC] PHP Warning:  Attempt to read property "english" on null in C:\xampp\htdocs\Latihan-Web\Web-Tools\Pribadi\themes\altum\views\partials\plans.php on line 86
[29-Mar-2025 07:46:26 UTC] PHP Warning:  Attempt to read property "price" on null in C:\xampp\htdocs\Latihan-Web\Web-Tools\Pribadi\themes\altum\views\partials\plans.php on line 86
[29-Mar-2025 07:46:26 UTC] PHP Warning:  Undefined property: stdClass::$price in C:\xampp\htdocs\Latihan-Web\Web-Tools\Pribadi\themes\altum\views\partials\plans.php on line 86
[29-Mar-2025 07:46:26 UTC] PHP Warning:  Undefined property: stdClass::$translations in C:\xampp\htdocs\Latihan-Web\Web-Tools\Pribadi\themes\altum\views\partials\plans.php on line 89
[29-Mar-2025 07:46:26 UTC] PHP Warning:  Attempt to read property "english" on null in C:\xampp\htdocs\Latihan-Web\Web-Tools\Pribadi\themes\altum\views\partials\plans.php on line 89
[29-Mar-2025 07:46:26 UTC] PHP Warning:  Attempt to read property "description" on null in C:\xampp\htdocs\Latihan-Web\Web-Tools\Pribadi\themes\altum\views\partials\plans.php on line 89
[29-Mar-2025 07:46:26 UTC] PHP Warning:  Undefined property: stdClass::$description in C:\xampp\htdocs\Latihan-Web\Web-Tools\Pribadi\themes\altum\views\partials\plans.php on line 89
[29-Mar-2025 07:46:27 UTC] PHP Warning:  Undefined property: stdClass::$biolink_blocks_limit in C:\xampp\htdocs\Latihan-Web\Web-Tools\Pribadi\themes\altum\views\partials\plans_plan_content.php on line 14
[29-Mar-2025 07:46:27 UTC] PHP Warning:  Undefined property: stdClass::$biolink_blocks_limit in C:\xampp\htdocs\Latihan-Web\Web-Tools\Pribadi\themes\altum\views\partials\plans_plan_content.php on line 14
[29-Mar-2025 07:46:27 UTC] PHP Warning:  Undefined property: stdClass::$files_limit in C:\xampp\htdocs\Latihan-Web\Web-Tools\Pribadi\themes\altum\views\partials\plans_plan_content.php on line 51
[29-Mar-2025 07:46:27 UTC] PHP Warning:  Undefined property: stdClass::$files_limit in C:\xampp\htdocs\Latihan-Web\Web-Tools\Pribadi\themes\altum\views\partials\plans_plan_content.php on line 51
[29-Mar-2025 07:46:27 UTC] PHP Warning:  Undefined property: stdClass::$vcards_limit in C:\xampp\htdocs\Latihan-Web\Web-Tools\Pribadi\themes\altum\views\partials\plans_plan_content.php on line 57
[29-Mar-2025 07:46:27 UTC] PHP Warning:  Undefined property: stdClass::$vcards_limit in C:\xampp\htdocs\Latihan-Web\Web-Tools\Pribadi\themes\altum\views\partials\plans_plan_content.php on line 57
[29-Mar-2025 07:46:27 UTC] PHP Warning:  Undefined property: stdClass::$events_limit in C:\xampp\htdocs\Latihan-Web\Web-Tools\Pribadi\themes\altum\views\partials\plans_plan_content.php on line 63
[29-Mar-2025 07:46:27 UTC] PHP Warning:  Undefined property: stdClass::$events_limit in C:\xampp\htdocs\Latihan-Web\Web-Tools\Pribadi\themes\altum\views\partials\plans_plan_content.php on line 63
[29-Mar-2025 07:46:27 UTC] PHP Warning:  Undefined property: stdClass::$static_limit in C:\xampp\htdocs\Latihan-Web\Web-Tools\Pribadi\themes\altum\views\partials\plans_plan_content.php on line 69
[29-Mar-2025 07:46:27 UTC] PHP Warning:  Undefined property: stdClass::$static_limit in C:\xampp\htdocs\Latihan-Web\Web-Tools\Pribadi\themes\altum\views\partials\plans_plan_content.php on line 69
[29-Mar-2025 07:46:27 UTC] PHP Warning:  Undefined property: stdClass::$qr_codes_limit in C:\xampp\htdocs\Latihan-Web\Web-Tools\Pribadi\themes\altum\views\partials\plans_plan_content.php on line 75
[29-Mar-2025 07:46:27 UTC] PHP Warning:  Undefined property: stdClass::$qr_codes_limit in C:\xampp\htdocs\Latihan-Web\Web-Tools\Pribadi\themes\altum\views\partials\plans_plan_content.php on line 75
[29-Mar-2025 07:46:27 UTC] PHP Warning:  Undefined property: stdClass::$qr_codes_bulk_limit in C:\xampp\htdocs\Latihan-Web\Web-Tools\Pribadi\themes\altum\views\partials\plans_plan_content.php on line 79
[29-Mar-2025 07:46:27 UTC] PHP Warning:  Undefined property: stdClass::$qr_codes_bulk_limit in C:\xampp\htdocs\Latihan-Web\Web-Tools\Pribadi\themes\altum\views\partials\plans_plan_content.php on line 79
[29-Mar-2025 07:46:27 UTC] PHP Warning:  Undefined property: stdClass::$splash_pages_limit in C:\xampp\htdocs\Latihan-Web\Web-Tools\Pribadi\themes\altum\views\partials\plans_plan_content.php on line 144
[29-Mar-2025 07:46:27 UTC] PHP Warning:  Undefined property: stdClass::$splash_pages_limit in C:\xampp\htdocs\Latihan-Web\Web-Tools\Pribadi\themes\altum\views\partials\plans_plan_content.php on line 144
[29-Mar-2025 07:46:27 UTC] PHP Warning:  Undefined property: stdClass::$teams_limit in C:\xampp\htdocs\Latihan-Web\Web-Tools\Pribadi\themes\altum\views\partials\plans_plan_content.php on line 156
[29-Mar-2025 07:46:27 UTC] PHP Warning:  Undefined property: stdClass::$teams_limit in C:\xampp\htdocs\Latihan-Web\Web-Tools\Pribadi\themes\altum\views\partials\plans_plan_content.php on line 156
[29-Mar-2025 07:46:27 UTC] PHP Warning:  Undefined property: stdClass::$team_members_limit in C:\xampp\htdocs\Latihan-Web\Web-Tools\Pribadi\themes\altum\views\partials\plans_plan_content.php on line 160
[29-Mar-2025 07:46:27 UTC] PHP Warning:  Undefined property: stdClass::$team_members_limit in C:\xampp\htdocs\Latihan-Web\Web-Tools\Pribadi\themes\altum\views\partials\plans_plan_content.php on line 160
[29-Mar-2025 07:46:27 UTC] PHP Warning:  Undefined property: stdClass::$track_links_retention in C:\xampp\htdocs\Latihan-Web\Web-Tools\Pribadi\themes\altum\views\partials\plans_plan_content.php on line 177
[29-Mar-2025 07:46:27 UTC] PHP Warning:  Undefined property: stdClass::$track_links_retention in C:\xampp\htdocs\Latihan-Web\Web-Tools\Pribadi\themes\altum\views\partials\plans_plan_content.php on line 177
[29-Mar-2025 07:46:27 UTC] PHP Warning:  Undefined property: stdClass::$force_splash_page_on_link in C:\xampp\htdocs\Latihan-Web\Web-Tools\Pribadi\themes\altum\views\partials\plans_plan_content.php on line 195
[29-Mar-2025 07:46:27 UTC] PHP Warning:  Undefined property: stdClass::$force_splash_page_on_biolink in C:\xampp\htdocs\Latihan-Web\Web-Tools\Pribadi\themes\altum\views\partials\plans_plan_content.php on line 195
[29-Mar-2025 07:46:27 UTC] PHP Warning:  Undefined property: stdClass::$force_splash_page_on_file in C:\xampp\htdocs\Latihan-Web\Web-Tools\Pribadi\themes\altum\views\partials\plans_plan_content.php on line 195
[29-Mar-2025 07:46:27 UTC] PHP Warning:  Undefined property: stdClass::$force_splash_page_on_static in C:\xampp\htdocs\Latihan-Web\Web-Tools\Pribadi\themes\altum\views\partials\plans_plan_content.php on line 195
[29-Mar-2025 07:46:27 UTC] PHP Warning:  Undefined property: stdClass::$force_splash_page_on_vcard in C:\xampp\htdocs\Latihan-Web\Web-Tools\Pribadi\themes\altum\views\partials\plans_plan_content.php on line 195
[29-Mar-2025 07:46:27 UTC] PHP Warning:  Undefined property: stdClass::$force_splash_page_on_event in C:\xampp\htdocs\Latihan-Web\Web-Tools\Pribadi\themes\altum\views\partials\plans_plan_content.php on line 195
[29-Mar-2025 07:46:27 UTC] PHP Warning:  Undefined property: stdClass::$dofollow_is_enabled in C:\xampp\htdocs\Latihan-Web\Web-Tools\Pribadi\themes\altum\views\partials\plans_plan_content.php on line 214
[29-Mar-2025 07:46:27 UTC] PHP Warning:  Undefined property: stdClass::$dofollow_is_enabled in C:\xampp\htdocs\Latihan-Web\Web-Tools\Pribadi\themes\altum\views\partials\plans_plan_content.php on line 220
[29-Mar-2025 07:46:27 UTC] PHP Warning:  Undefined property: stdClass::$custom_css_is_enabled in C:\xampp\htdocs\Latihan-Web\Web-Tools\Pribadi\themes\altum\views\partials\plans_plan_content.php on line 214
[29-Mar-2025 07:46:27 UTC] PHP Warning:  Undefined property: stdClass::$custom_css_is_enabled in C:\xampp\htdocs\Latihan-Web\Web-Tools\Pribadi\themes\altum\views\partials\plans_plan_content.php on line 220
[29-Mar-2025 07:46:27 UTC] PHP Warning:  Undefined property: stdClass::$custom_js_is_enabled in C:\xampp\htdocs\Latihan-Web\Web-Tools\Pribadi\themes\altum\views\partials\plans_plan_content.php on line 214
[29-Mar-2025 07:46:27 UTC] PHP Warning:  Undefined property: stdClass::$custom_js_is_enabled in C:\xampp\htdocs\Latihan-Web\Web-Tools\Pribadi\themes\altum\views\partials\plans_plan_content.php on line 220
[29-Mar-2025 07:46:27 UTC] PHP Warning:  Undefined property: stdClass::$cloaking_is_enabled in C:\xampp\htdocs\Latihan-Web\Web-Tools\Pribadi\themes\altum\views\partials\plans_plan_content.php on line 214
[29-Mar-2025 07:46:27 UTC] PHP Warning:  Undefined property: stdClass::$cloaking_is_enabled in C:\xampp\htdocs\Latihan-Web\Web-Tools\Pribadi\themes\altum\views\partials\plans_plan_content.php on line 220
[29-Mar-2025 07:46:27 UTC] PHP Warning:  Undefined property: stdClass::$app_linking_is_enabled in C:\xampp\htdocs\Latihan-Web\Web-Tools\Pribadi\themes\altum\views\partials\plans_plan_content.php on line 214
[29-Mar-2025 07:46:27 UTC] PHP Warning:  Undefined property: stdClass::$app_linking_is_enabled in C:\xampp\htdocs\Latihan-Web\Web-Tools\Pribadi\themes\altum\views\partials\plans_plan_content.php on line 220
[29-Mar-2025 07:47:04 UTC] PHP Warning:  Undefined property: stdClass::$color in C:\xampp\htdocs\Latihan-Web\Web-Tools\Pribadi\themes\altum\views\partials\plans.php on line 81
[29-Mar-2025 07:47:04 UTC] PHP Warning:  Undefined property: stdClass::$translations in C:\xampp\htdocs\Latihan-Web\Web-Tools\Pribadi\themes\altum\views\partials\plans.php on line 83
[29-Mar-2025 07:47:04 UTC] PHP Warning:  Attempt to read property "english" on null in C:\xampp\htdocs\Latihan-Web\Web-Tools\Pribadi\themes\altum\views\partials\plans.php on line 83
[29-Mar-2025 07:47:04 UTC] PHP Warning:  Attempt to read property "name" on null in C:\xampp\htdocs\Latihan-Web\Web-Tools\Pribadi\themes\altum\views\partials\plans.php on line 83
[29-Mar-2025 07:47:04 UTC] PHP Warning:  Undefined property: stdClass::$translations in C:\xampp\htdocs\Latihan-Web\Web-Tools\Pribadi\themes\altum\views\partials\plans.php on line 86
[29-Mar-2025 07:47:04 UTC] PHP Warning:  Attempt to read property "english" on null in C:\xampp\htdocs\Latihan-Web\Web-Tools\Pribadi\themes\altum\views\partials\plans.php on line 86
[29-Mar-2025 07:47:04 UTC] PHP Warning:  Attempt to read property "price" on null in C:\xampp\htdocs\Latihan-Web\Web-Tools\Pribadi\themes\altum\views\partials\plans.php on line 86
[29-Mar-2025 07:47:04 UTC] PHP Warning:  Undefined property: stdClass::$price in C:\xampp\htdocs\Latihan-Web\Web-Tools\Pribadi\themes\altum\views\partials\plans.php on line 86
[29-Mar-2025 07:47:04 UTC] PHP Warning:  Undefined property: stdClass::$translations in C:\xampp\htdocs\Latihan-Web\Web-Tools\Pribadi\themes\altum\views\partials\plans.php on line 89
[29-Mar-2025 07:47:04 UTC] PHP Warning:  Attempt to read property "english" on null in C:\xampp\htdocs\Latihan-Web\Web-Tools\Pribadi\themes\altum\views\partials\plans.php on line 89
[29-Mar-2025 07:47:04 UTC] PHP Warning:  Attempt to read property "description" on null in C:\xampp\htdocs\Latihan-Web\Web-Tools\Pribadi\themes\altum\views\partials\plans.php on line 89
[29-Mar-2025 07:47:04 UTC] PHP Warning:  Undefined property: stdClass::$description in C:\xampp\htdocs\Latihan-Web\Web-Tools\Pribadi\themes\altum\views\partials\plans.php on line 89
[29-Mar-2025 07:47:04 UTC] PHP Warning:  Undefined property: stdClass::$biolink_blocks_limit in C:\xampp\htdocs\Latihan-Web\Web-Tools\Pribadi\themes\altum\views\partials\plans_plan_content.php on line 14
[29-Mar-2025 07:47:04 UTC] PHP Warning:  Undefined property: stdClass::$biolink_blocks_limit in C:\xampp\htdocs\Latihan-Web\Web-Tools\Pribadi\themes\altum\views\partials\plans_plan_content.php on line 14
[29-Mar-2025 07:47:04 UTC] PHP Warning:  Undefined property: stdClass::$files_limit in C:\xampp\htdocs\Latihan-Web\Web-Tools\Pribadi\themes\altum\views\partials\plans_plan_content.php on line 51
[29-Mar-2025 07:47:04 UTC] PHP Warning:  Undefined property: stdClass::$files_limit in C:\xampp\htdocs\Latihan-Web\Web-Tools\Pribadi\themes\altum\views\partials\plans_plan_content.php on line 51
[29-Mar-2025 07:47:04 UTC] PHP Warning:  Undefined property: stdClass::$vcards_limit in C:\xampp\htdocs\Latihan-Web\Web-Tools\Pribadi\themes\altum\views\partials\plans_plan_content.php on line 57
[29-Mar-2025 07:47:04 UTC] PHP Warning:  Undefined property: stdClass::$vcards_limit in C:\xampp\htdocs\Latihan-Web\Web-Tools\Pribadi\themes\altum\views\partials\plans_plan_content.php on line 57
[29-Mar-2025 07:47:04 UTC] PHP Warning:  Undefined property: stdClass::$events_limit in C:\xampp\htdocs\Latihan-Web\Web-Tools\Pribadi\themes\altum\views\partials\plans_plan_content.php on line 63
[29-Mar-2025 07:47:04 UTC] PHP Warning:  Undefined property: stdClass::$events_limit in C:\xampp\htdocs\Latihan-Web\Web-Tools\Pribadi\themes\altum\views\partials\plans_plan_content.php on line 63
[29-Mar-2025 07:47:04 UTC] PHP Warning:  Undefined property: stdClass::$static_limit in C:\xampp\htdocs\Latihan-Web\Web-Tools\Pribadi\themes\altum\views\partials\plans_plan_content.php on line 69
[29-Mar-2025 07:47:04 UTC] PHP Warning:  Undefined property: stdClass::$static_limit in C:\xampp\htdocs\Latihan-Web\Web-Tools\Pribadi\themes\altum\views\partials\plans_plan_content.php on line 69
[29-Mar-2025 07:47:04 UTC] PHP Warning:  Undefined property: stdClass::$qr_codes_limit in C:\xampp\htdocs\Latihan-Web\Web-Tools\Pribadi\themes\altum\views\partials\plans_plan_content.php on line 75
[29-Mar-2025 07:47:04 UTC] PHP Warning:  Undefined property: stdClass::$qr_codes_limit in C:\xampp\htdocs\Latihan-Web\Web-Tools\Pribadi\themes\altum\views\partials\plans_plan_content.php on line 75
[29-Mar-2025 07:47:04 UTC] PHP Warning:  Undefined property: stdClass::$qr_codes_bulk_limit in C:\xampp\htdocs\Latihan-Web\Web-Tools\Pribadi\themes\altum\views\partials\plans_plan_content.php on line 79
[29-Mar-2025 07:47:04 UTC] PHP Warning:  Undefined property: stdClass::$qr_codes_bulk_limit in C:\xampp\htdocs\Latihan-Web\Web-Tools\Pribadi\themes\altum\views\partials\plans_plan_content.php on line 79
[29-Mar-2025 07:47:04 UTC] PHP Warning:  Undefined property: stdClass::$splash_pages_limit in C:\xampp\htdocs\Latihan-Web\Web-Tools\Pribadi\themes\altum\views\partials\plans_plan_content.php on line 144
[29-Mar-2025 07:47:04 UTC] PHP Warning:  Undefined property: stdClass::$splash_pages_limit in C:\xampp\htdocs\Latihan-Web\Web-Tools\Pribadi\themes\altum\views\partials\plans_plan_content.php on line 144
[29-Mar-2025 07:47:04 UTC] PHP Warning:  Undefined property: stdClass::$teams_limit in C:\xampp\htdocs\Latihan-Web\Web-Tools\Pribadi\themes\altum\views\partials\plans_plan_content.php on line 156
[29-Mar-2025 07:47:04 UTC] PHP Warning:  Undefined property: stdClass::$teams_limit in C:\xampp\htdocs\Latihan-Web\Web-Tools\Pribadi\themes\altum\views\partials\plans_plan_content.php on line 156
[29-Mar-2025 07:47:04 UTC] PHP Warning:  Undefined property: stdClass::$team_members_limit in C:\xampp\htdocs\Latihan-Web\Web-Tools\Pribadi\themes\altum\views\partials\plans_plan_content.php on line 160
[29-Mar-2025 07:47:04 UTC] PHP Warning:  Undefined property: stdClass::$team_members_limit in C:\xampp\htdocs\Latihan-Web\Web-Tools\Pribadi\themes\altum\views\partials\plans_plan_content.php on line 160
[29-Mar-2025 07:47:04 UTC] PHP Warning:  Undefined property: stdClass::$track_links_retention in C:\xampp\htdocs\Latihan-Web\Web-Tools\Pribadi\themes\altum\views\partials\plans_plan_content.php on line 177
[29-Mar-2025 07:47:04 UTC] PHP Warning:  Undefined property: stdClass::$track_links_retention in C:\xampp\htdocs\Latihan-Web\Web-Tools\Pribadi\themes\altum\views\partials\plans_plan_content.php on line 177
[29-Mar-2025 07:47:04 UTC] PHP Warning:  Undefined property: stdClass::$force_splash_page_on_link in C:\xampp\htdocs\Latihan-Web\Web-Tools\Pribadi\themes\altum\views\partials\plans_plan_content.php on line 195
[29-Mar-2025 07:47:04 UTC] PHP Warning:  Undefined property: stdClass::$force_splash_page_on_biolink in C:\xampp\htdocs\Latihan-Web\Web-Tools\Pribadi\themes\altum\views\partials\plans_plan_content.php on line 195
[29-Mar-2025 07:47:04 UTC] PHP Warning:  Undefined property: stdClass::$force_splash_page_on_file in C:\xampp\htdocs\Latihan-Web\Web-Tools\Pribadi\themes\altum\views\partials\plans_plan_content.php on line 195
[29-Mar-2025 07:47:04 UTC] PHP Warning:  Undefined property: stdClass::$force_splash_page_on_static in C:\xampp\htdocs\Latihan-Web\Web-Tools\Pribadi\themes\altum\views\partials\plans_plan_content.php on line 195
[29-Mar-2025 07:47:04 UTC] PHP Warning:  Undefined property: stdClass::$force_splash_page_on_vcard in C:\xampp\htdocs\Latihan-Web\Web-Tools\Pribadi\themes\altum\views\partials\plans_plan_content.php on line 195
[29-Mar-2025 07:47:04 UTC] PHP Warning:  Undefined property: stdClass::$force_splash_page_on_event in C:\xampp\htdocs\Latihan-Web\Web-Tools\Pribadi\themes\altum\views\partials\plans_plan_content.php on line 195
[29-Mar-2025 07:47:04 UTC] PHP Warning:  Undefined property: stdClass::$dofollow_is_enabled in C:\xampp\htdocs\Latihan-Web\Web-Tools\Pribadi\themes\altum\views\partials\plans_plan_content.php on line 214
[29-Mar-2025 07:47:04 UTC] PHP Warning:  Undefined property: stdClass::$dofollow_is_enabled in C:\xampp\htdocs\Latihan-Web\Web-Tools\Pribadi\themes\altum\views\partials\plans_plan_content.php on line 220
[29-Mar-2025 07:47:04 UTC] PHP Warning:  Undefined property: stdClass::$custom_css_is_enabled in C:\xampp\htdocs\Latihan-Web\Web-Tools\Pribadi\themes\altum\views\partials\plans_plan_content.php on line 214
[29-Mar-2025 07:47:04 UTC] PHP Warning:  Undefined property: stdClass::$custom_css_is_enabled in C:\xampp\htdocs\Latihan-Web\Web-Tools\Pribadi\themes\altum\views\partials\plans_plan_content.php on line 220
[29-Mar-2025 07:47:04 UTC] PHP Warning:  Undefined property: stdClass::$custom_js_is_enabled in C:\xampp\htdocs\Latihan-Web\Web-Tools\Pribadi\themes\altum\views\partials\plans_plan_content.php on line 214
[29-Mar-2025 07:47:04 UTC] PHP Warning:  Undefined property: stdClass::$custom_js_is_enabled in C:\xampp\htdocs\Latihan-Web\Web-Tools\Pribadi\themes\altum\views\partials\plans_plan_content.php on line 220
[29-Mar-2025 07:47:04 UTC] PHP Warning:  Undefined property: stdClass::$cloaking_is_enabled in C:\xampp\htdocs\Latihan-Web\Web-Tools\Pribadi\themes\altum\views\partials\plans_plan_content.php on line 214
[29-Mar-2025 07:47:04 UTC] PHP Warning:  Undefined property: stdClass::$cloaking_is_enabled in C:\xampp\htdocs\Latihan-Web\Web-Tools\Pribadi\themes\altum\views\partials\plans_plan_content.php on line 220
[29-Mar-2025 07:47:04 UTC] PHP Warning:  Undefined property: stdClass::$app_linking_is_enabled in C:\xampp\htdocs\Latihan-Web\Web-Tools\Pribadi\themes\altum\views\partials\plans_plan_content.php on line 214
[29-Mar-2025 07:47:04 UTC] PHP Warning:  Undefined property: stdClass::$app_linking_is_enabled in C:\xampp\htdocs\Latihan-Web\Web-Tools\Pribadi\themes\altum\views\partials\plans_plan_content.php on line 220
[29-Mar-2025 08:48:08 Europe/Berlin] PHP Fatal error:  Uncaught Exception: Table 'web-tools.links' doesn't exist query: SELECT  * FROM links WHERE  url = ?  AND domain_id = ?  LIMIT 1 in C:\xampp\htdocs\Latihan-Web\Web-Tools\Pribadi\app\helpers\MysqliDb.php:2004
Stack trace:
#0 C:\xampp\htdocs\Latihan-Web\Web-Tools\Pribadi\app\helpers\MysqliDb.php(1592): Altum\Helpers\MysqliDb->_prepareQuery()
#1 C:\xampp\htdocs\Latihan-Web\Web-Tools\Pribadi\app\helpers\MysqliDb.php(741): Altum\Helpers\MysqliDb->_buildQuery(1)
#2 C:\xampp\htdocs\Latihan-Web\Web-Tools\Pribadi\app\helpers\MysqliDb.php(767): Altum\Helpers\MysqliDb->get('links', 1, '*')
#3 C:\xampp\htdocs\Latihan-Web\Web-Tools\Pribadi\app\core\Router.php(1531): Altum\Helpers\MysqliDb->getOne('links')
#4 C:\xampp\htdocs\Latihan-Web\Web-Tools\Pribadi\app\core\App.php(35): Altum\Router::parse_controller()
#5 C:\xampp\htdocs\Latihan-Web\Web-Tools\Pribadi\index.php(20): Altum\App->__construct()
#6 {main}
  thrown in C:\xampp\htdocs\Latihan-Web\Web-Tools\Pribadi\app\helpers\MysqliDb.php on line 2004
[29-Mar-2025 07:48:15 UTC] PHP Warning:  Undefined property: stdClass::$color in C:\xampp\htdocs\Latihan-Web\Web-Tools\Pribadi\themes\altum\views\partials\plans.php on line 81
[29-Mar-2025 07:48:15 UTC] PHP Warning:  Undefined property: stdClass::$translations in C:\xampp\htdocs\Latihan-Web\Web-Tools\Pribadi\themes\altum\views\partials\plans.php on line 83
[29-Mar-2025 07:48:15 UTC] PHP Warning:  Attempt to read property "english" on null in C:\xampp\htdocs\Latihan-Web\Web-Tools\Pribadi\themes\altum\views\partials\plans.php on line 83
[29-Mar-2025 07:48:15 UTC] PHP Warning:  Attempt to read property "name" on null in C:\xampp\htdocs\Latihan-Web\Web-Tools\Pribadi\themes\altum\views\partials\plans.php on line 83
[29-Mar-2025 07:48:15 UTC] PHP Warning:  Undefined property: stdClass::$translations in C:\xampp\htdocs\Latihan-Web\Web-Tools\Pribadi\themes\altum\views\partials\plans.php on line 86
[29-Mar-2025 07:48:15 UTC] PHP Warning:  Attempt to read property "english" on null in C:\xampp\htdocs\Latihan-Web\Web-Tools\Pribadi\themes\altum\views\partials\plans.php on line 86
[29-Mar-2025 07:48:15 UTC] PHP Warning:  Attempt to read property "price" on null in C:\xampp\htdocs\Latihan-Web\Web-Tools\Pribadi\themes\altum\views\partials\plans.php on line 86
[29-Mar-2025 07:48:15 UTC] PHP Warning:  Undefined property: stdClass::$price in C:\xampp\htdocs\Latihan-Web\Web-Tools\Pribadi\themes\altum\views\partials\plans.php on line 86
[29-Mar-2025 07:48:15 UTC] PHP Warning:  Undefined property: stdClass::$translations in C:\xampp\htdocs\Latihan-Web\Web-Tools\Pribadi\themes\altum\views\partials\plans.php on line 89
[29-Mar-2025 07:48:15 UTC] PHP Warning:  Attempt to read property "english" on null in C:\xampp\htdocs\Latihan-Web\Web-Tools\Pribadi\themes\altum\views\partials\plans.php on line 89
[29-Mar-2025 07:48:15 UTC] PHP Warning:  Attempt to read property "description" on null in C:\xampp\htdocs\Latihan-Web\Web-Tools\Pribadi\themes\altum\views\partials\plans.php on line 89
[29-Mar-2025 07:48:15 UTC] PHP Warning:  Undefined property: stdClass::$description in C:\xampp\htdocs\Latihan-Web\Web-Tools\Pribadi\themes\altum\views\partials\plans.php on line 89
[29-Mar-2025 07:48:15 UTC] PHP Warning:  Undefined property: stdClass::$biolink_blocks_limit in C:\xampp\htdocs\Latihan-Web\Web-Tools\Pribadi\themes\altum\views\partials\plans_plan_content.php on line 14
[29-Mar-2025 07:48:15 UTC] PHP Warning:  Undefined property: stdClass::$biolink_blocks_limit in C:\xampp\htdocs\Latihan-Web\Web-Tools\Pribadi\themes\altum\views\partials\plans_plan_content.php on line 14
[29-Mar-2025 07:48:15 UTC] PHP Warning:  Undefined property: stdClass::$files_limit in C:\xampp\htdocs\Latihan-Web\Web-Tools\Pribadi\themes\altum\views\partials\plans_plan_content.php on line 51
[29-Mar-2025 07:48:15 UTC] PHP Warning:  Undefined property: stdClass::$files_limit in C:\xampp\htdocs\Latihan-Web\Web-Tools\Pribadi\themes\altum\views\partials\plans_plan_content.php on line 51
[29-Mar-2025 07:48:15 UTC] PHP Warning:  Undefined property: stdClass::$vcards_limit in C:\xampp\htdocs\Latihan-Web\Web-Tools\Pribadi\themes\altum\views\partials\plans_plan_content.php on line 57
[29-Mar-2025 07:48:15 UTC] PHP Warning:  Undefined property: stdClass::$vcards_limit in C:\xampp\htdocs\Latihan-Web\Web-Tools\Pribadi\themes\altum\views\partials\plans_plan_content.php on line 57
[29-Mar-2025 07:48:15 UTC] PHP Warning:  Undefined property: stdClass::$events_limit in C:\xampp\htdocs\Latihan-Web\Web-Tools\Pribadi\themes\altum\views\partials\plans_plan_content.php on line 63
[29-Mar-2025 07:48:15 UTC] PHP Warning:  Undefined property: stdClass::$events_limit in C:\xampp\htdocs\Latihan-Web\Web-Tools\Pribadi\themes\altum\views\partials\plans_plan_content.php on line 63
[29-Mar-2025 07:48:15 UTC] PHP Warning:  Undefined property: stdClass::$static_limit in C:\xampp\htdocs\Latihan-Web\Web-Tools\Pribadi\themes\altum\views\partials\plans_plan_content.php on line 69
[29-Mar-2025 07:48:15 UTC] PHP Warning:  Undefined property: stdClass::$static_limit in C:\xampp\htdocs\Latihan-Web\Web-Tools\Pribadi\themes\altum\views\partials\plans_plan_content.php on line 69
[29-Mar-2025 07:48:15 UTC] PHP Warning:  Undefined property: stdClass::$qr_codes_limit in C:\xampp\htdocs\Latihan-Web\Web-Tools\Pribadi\themes\altum\views\partials\plans_plan_content.php on line 75
[29-Mar-2025 07:48:15 UTC] PHP Warning:  Undefined property: stdClass::$qr_codes_limit in C:\xampp\htdocs\Latihan-Web\Web-Tools\Pribadi\themes\altum\views\partials\plans_plan_content.php on line 75
[29-Mar-2025 07:48:15 UTC] PHP Warning:  Undefined property: stdClass::$qr_codes_bulk_limit in C:\xampp\htdocs\Latihan-Web\Web-Tools\Pribadi\themes\altum\views\partials\plans_plan_content.php on line 79
[29-Mar-2025 07:48:15 UTC] PHP Warning:  Undefined property: stdClass::$qr_codes_bulk_limit in C:\xampp\htdocs\Latihan-Web\Web-Tools\Pribadi\themes\altum\views\partials\plans_plan_content.php on line 79
[29-Mar-2025 07:48:15 UTC] PHP Warning:  Undefined property: stdClass::$splash_pages_limit in C:\xampp\htdocs\Latihan-Web\Web-Tools\Pribadi\themes\altum\views\partials\plans_plan_content.php on line 144
[29-Mar-2025 07:48:15 UTC] PHP Warning:  Undefined property: stdClass::$splash_pages_limit in C:\xampp\htdocs\Latihan-Web\Web-Tools\Pribadi\themes\altum\views\partials\plans_plan_content.php on line 144
[29-Mar-2025 07:48:15 UTC] PHP Warning:  Undefined property: stdClass::$teams_limit in C:\xampp\htdocs\Latihan-Web\Web-Tools\Pribadi\themes\altum\views\partials\plans_plan_content.php on line 156
[29-Mar-2025 07:48:15 UTC] PHP Warning:  Undefined property: stdClass::$teams_limit in C:\xampp\htdocs\Latihan-Web\Web-Tools\Pribadi\themes\altum\views\partials\plans_plan_content.php on line 156
[29-Mar-2025 07:48:15 UTC] PHP Warning:  Undefined property: stdClass::$team_members_limit in C:\xampp\htdocs\Latihan-Web\Web-Tools\Pribadi\themes\altum\views\partials\plans_plan_content.php on line 160
[29-Mar-2025 07:48:15 UTC] PHP Warning:  Undefined property: stdClass::$team_members_limit in C:\xampp\htdocs\Latihan-Web\Web-Tools\Pribadi\themes\altum\views\partials\plans_plan_content.php on line 160
[29-Mar-2025 07:48:15 UTC] PHP Warning:  Undefined property: stdClass::$track_links_retention in C:\xampp\htdocs\Latihan-Web\Web-Tools\Pribadi\themes\altum\views\partials\plans_plan_content.php on line 177
[29-Mar-2025 07:48:15 UTC] PHP Warning:  Undefined property: stdClass::$track_links_retention in C:\xampp\htdocs\Latihan-Web\Web-Tools\Pribadi\themes\altum\views\partials\plans_plan_content.php on line 177
[29-Mar-2025 07:48:15 UTC] PHP Warning:  Undefined property: stdClass::$force_splash_page_on_link in C:\xampp\htdocs\Latihan-Web\Web-Tools\Pribadi\themes\altum\views\partials\plans_plan_content.php on line 195
[29-Mar-2025 07:48:15 UTC] PHP Warning:  Undefined property: stdClass::$force_splash_page_on_biolink in C:\xampp\htdocs\Latihan-Web\Web-Tools\Pribadi\themes\altum\views\partials\plans_plan_content.php on line 195
[29-Mar-2025 07:48:15 UTC] PHP Warning:  Undefined property: stdClass::$force_splash_page_on_file in C:\xampp\htdocs\Latihan-Web\Web-Tools\Pribadi\themes\altum\views\partials\plans_plan_content.php on line 195
[29-Mar-2025 07:48:15 UTC] PHP Warning:  Undefined property: stdClass::$force_splash_page_on_static in C:\xampp\htdocs\Latihan-Web\Web-Tools\Pribadi\themes\altum\views\partials\plans_plan_content.php on line 195
[29-Mar-2025 07:48:15 UTC] PHP Warning:  Undefined property: stdClass::$force_splash_page_on_vcard in C:\xampp\htdocs\Latihan-Web\Web-Tools\Pribadi\themes\altum\views\partials\plans_plan_content.php on line 195
[29-Mar-2025 07:48:15 UTC] PHP Warning:  Undefined property: stdClass::$force_splash_page_on_event in C:\xampp\htdocs\Latihan-Web\Web-Tools\Pribadi\themes\altum\views\partials\plans_plan_content.php on line 195
[29-Mar-2025 07:48:15 UTC] PHP Warning:  Undefined property: stdClass::$dofollow_is_enabled in C:\xampp\htdocs\Latihan-Web\Web-Tools\Pribadi\themes\altum\views\partials\plans_plan_content.php on line 214
[29-Mar-2025 07:48:15 UTC] PHP Warning:  Undefined property: stdClass::$dofollow_is_enabled in C:\xampp\htdocs\Latihan-Web\Web-Tools\Pribadi\themes\altum\views\partials\plans_plan_content.php on line 220
[29-Mar-2025 07:48:15 UTC] PHP Warning:  Undefined property: stdClass::$custom_css_is_enabled in C:\xampp\htdocs\Latihan-Web\Web-Tools\Pribadi\themes\altum\views\partials\plans_plan_content.php on line 214
[29-Mar-2025 07:48:15 UTC] PHP Warning:  Undefined property: stdClass::$custom_css_is_enabled in C:\xampp\htdocs\Latihan-Web\Web-Tools\Pribadi\themes\altum\views\partials\plans_plan_content.php on line 220
[29-Mar-2025 07:48:15 UTC] PHP Warning:  Undefined property: stdClass::$custom_js_is_enabled in C:\xampp\htdocs\Latihan-Web\Web-Tools\Pribadi\themes\altum\views\partials\plans_plan_content.php on line 214
[29-Mar-2025 07:48:15 UTC] PHP Warning:  Undefined property: stdClass::$custom_js_is_enabled in C:\xampp\htdocs\Latihan-Web\Web-Tools\Pribadi\themes\altum\views\partials\plans_plan_content.php on line 220
[29-Mar-2025 07:48:15 UTC] PHP Warning:  Undefined property: stdClass::$cloaking_is_enabled in C:\xampp\htdocs\Latihan-Web\Web-Tools\Pribadi\themes\altum\views\partials\plans_plan_content.php on line 214
[29-Mar-2025 07:48:15 UTC] PHP Warning:  Undefined property: stdClass::$cloaking_is_enabled in C:\xampp\htdocs\Latihan-Web\Web-Tools\Pribadi\themes\altum\views\partials\plans_plan_content.php on line 220
[29-Mar-2025 07:48:15 UTC] PHP Warning:  Undefined property: stdClass::$app_linking_is_enabled in C:\xampp\htdocs\Latihan-Web\Web-Tools\Pribadi\themes\altum\views\partials\plans_plan_content.php on line 214
[29-Mar-2025 07:48:15 UTC] PHP Warning:  Undefined property: stdClass::$app_linking_is_enabled in C:\xampp\htdocs\Latihan-Web\Web-Tools\Pribadi\themes\altum\views\partials\plans_plan_content.php on line 220
[29-Mar-2025 07:48:15 UTC] PHP Fatal error:  Uncaught Error: Call to a member function fetch_object() on bool in C:\xampp\htdocs\Latihan-Web\Web-Tools\Pribadi\app\controllers\Index.php:38
Stack trace:
#0 [internal function]: Altum\Controllers\Index->index()
#1 C:\xampp\htdocs\Latihan-Web\Web-Tools\Pribadi\app\core\App.php(223): call_user_func_array(Array, Array)
#2 C:\xampp\htdocs\Latihan-Web\Web-Tools\Pribadi\index.php(20): Altum\App->__construct()
#3 {main}
  thrown in C:\xampp\htdocs\Latihan-Web\Web-Tools\Pribadi\app\controllers\Index.php on line 38
[29-Mar-2025 07:48:40 UTC] PHP Warning:  Undefined property: stdClass::$color in C:\xampp\htdocs\Latihan-Web\Web-Tools\Pribadi\themes\altum\views\partials\plans.php on line 81
[29-Mar-2025 07:48:40 UTC] PHP Warning:  Undefined property: stdClass::$translations in C:\xampp\htdocs\Latihan-Web\Web-Tools\Pribadi\themes\altum\views\partials\plans.php on line 83
[29-Mar-2025 07:48:40 UTC] PHP Warning:  Attempt to read property "english" on null in C:\xampp\htdocs\Latihan-Web\Web-Tools\Pribadi\themes\altum\views\partials\plans.php on line 83
[29-Mar-2025 07:48:40 UTC] PHP Warning:  Attempt to read property "name" on null in C:\xampp\htdocs\Latihan-Web\Web-Tools\Pribadi\themes\altum\views\partials\plans.php on line 83
[29-Mar-2025 07:48:40 UTC] PHP Warning:  Undefined property: stdClass::$translations in C:\xampp\htdocs\Latihan-Web\Web-Tools\Pribadi\themes\altum\views\partials\plans.php on line 86
[29-Mar-2025 07:48:40 UTC] PHP Warning:  Attempt to read property "english" on null in C:\xampp\htdocs\Latihan-Web\Web-Tools\Pribadi\themes\altum\views\partials\plans.php on line 86
[29-Mar-2025 07:48:40 UTC] PHP Warning:  Attempt to read property "price" on null in C:\xampp\htdocs\Latihan-Web\Web-Tools\Pribadi\themes\altum\views\partials\plans.php on line 86
[29-Mar-2025 07:48:40 UTC] PHP Warning:  Undefined property: stdClass::$price in C:\xampp\htdocs\Latihan-Web\Web-Tools\Pribadi\themes\altum\views\partials\plans.php on line 86
[29-Mar-2025 07:48:40 UTC] PHP Warning:  Undefined property: stdClass::$translations in C:\xampp\htdocs\Latihan-Web\Web-Tools\Pribadi\themes\altum\views\partials\plans.php on line 89
[29-Mar-2025 07:48:40 UTC] PHP Warning:  Attempt to read property "english" on null in C:\xampp\htdocs\Latihan-Web\Web-Tools\Pribadi\themes\altum\views\partials\plans.php on line 89
[29-Mar-2025 07:48:40 UTC] PHP Warning:  Attempt to read property "description" on null in C:\xampp\htdocs\Latihan-Web\Web-Tools\Pribadi\themes\altum\views\partials\plans.php on line 89
[29-Mar-2025 07:48:40 UTC] PHP Warning:  Undefined property: stdClass::$description in C:\xampp\htdocs\Latihan-Web\Web-Tools\Pribadi\themes\altum\views\partials\plans.php on line 89
[29-Mar-2025 07:48:40 UTC] PHP Warning:  Undefined property: stdClass::$biolink_blocks_limit in C:\xampp\htdocs\Latihan-Web\Web-Tools\Pribadi\themes\altum\views\partials\plans_plan_content.php on line 14
[29-Mar-2025 07:48:40 UTC] PHP Warning:  Undefined property: stdClass::$biolink_blocks_limit in C:\xampp\htdocs\Latihan-Web\Web-Tools\Pribadi\themes\altum\views\partials\plans_plan_content.php on line 14
[29-Mar-2025 07:48:40 UTC] PHP Warning:  Undefined property: stdClass::$files_limit in C:\xampp\htdocs\Latihan-Web\Web-Tools\Pribadi\themes\altum\views\partials\plans_plan_content.php on line 51
[29-Mar-2025 07:48:40 UTC] PHP Warning:  Undefined property: stdClass::$files_limit in C:\xampp\htdocs\Latihan-Web\Web-Tools\Pribadi\themes\altum\views\partials\plans_plan_content.php on line 51
[29-Mar-2025 07:48:40 UTC] PHP Warning:  Undefined property: stdClass::$vcards_limit in C:\xampp\htdocs\Latihan-Web\Web-Tools\Pribadi\themes\altum\views\partials\plans_plan_content.php on line 57
[29-Mar-2025 07:48:40 UTC] PHP Warning:  Undefined property: stdClass::$vcards_limit in C:\xampp\htdocs\Latihan-Web\Web-Tools\Pribadi\themes\altum\views\partials\plans_plan_content.php on line 57
[29-Mar-2025 07:48:40 UTC] PHP Warning:  Undefined property: stdClass::$events_limit in C:\xampp\htdocs\Latihan-Web\Web-Tools\Pribadi\themes\altum\views\partials\plans_plan_content.php on line 63
[29-Mar-2025 07:48:40 UTC] PHP Warning:  Undefined property: stdClass::$events_limit in C:\xampp\htdocs\Latihan-Web\Web-Tools\Pribadi\themes\altum\views\partials\plans_plan_content.php on line 63
[29-Mar-2025 07:48:40 UTC] PHP Warning:  Undefined property: stdClass::$static_limit in C:\xampp\htdocs\Latihan-Web\Web-Tools\Pribadi\themes\altum\views\partials\plans_plan_content.php on line 69
[29-Mar-2025 07:48:40 UTC] PHP Warning:  Undefined property: stdClass::$static_limit in C:\xampp\htdocs\Latihan-Web\Web-Tools\Pribadi\themes\altum\views\partials\plans_plan_content.php on line 69
[29-Mar-2025 07:48:40 UTC] PHP Warning:  Undefined property: stdClass::$qr_codes_limit in C:\xampp\htdocs\Latihan-Web\Web-Tools\Pribadi\themes\altum\views\partials\plans_plan_content.php on line 75
[29-Mar-2025 07:48:40 UTC] PHP Warning:  Undefined property: stdClass::$qr_codes_limit in C:\xampp\htdocs\Latihan-Web\Web-Tools\Pribadi\themes\altum\views\partials\plans_plan_content.php on line 75
[29-Mar-2025 07:48:40 UTC] PHP Warning:  Undefined property: stdClass::$qr_codes_bulk_limit in C:\xampp\htdocs\Latihan-Web\Web-Tools\Pribadi\themes\altum\views\partials\plans_plan_content.php on line 79
[29-Mar-2025 07:48:40 UTC] PHP Warning:  Undefined property: stdClass::$qr_codes_bulk_limit in C:\xampp\htdocs\Latihan-Web\Web-Tools\Pribadi\themes\altum\views\partials\plans_plan_content.php on line 79
[29-Mar-2025 07:48:40 UTC] PHP Warning:  Undefined property: stdClass::$splash_pages_limit in C:\xampp\htdocs\Latihan-Web\Web-Tools\Pribadi\themes\altum\views\partials\plans_plan_content.php on line 144
[29-Mar-2025 07:48:40 UTC] PHP Warning:  Undefined property: stdClass::$splash_pages_limit in C:\xampp\htdocs\Latihan-Web\Web-Tools\Pribadi\themes\altum\views\partials\plans_plan_content.php on line 144
[29-Mar-2025 07:48:40 UTC] PHP Warning:  Undefined property: stdClass::$teams_limit in C:\xampp\htdocs\Latihan-Web\Web-Tools\Pribadi\themes\altum\views\partials\plans_plan_content.php on line 156
[29-Mar-2025 07:48:40 UTC] PHP Warning:  Undefined property: stdClass::$teams_limit in C:\xampp\htdocs\Latihan-Web\Web-Tools\Pribadi\themes\altum\views\partials\plans_plan_content.php on line 156
[29-Mar-2025 07:48:40 UTC] PHP Warning:  Undefined property: stdClass::$team_members_limit in C:\xampp\htdocs\Latihan-Web\Web-Tools\Pribadi\themes\altum\views\partials\plans_plan_content.php on line 160
[29-Mar-2025 07:48:40 UTC] PHP Warning:  Undefined property: stdClass::$team_members_limit in C:\xampp\htdocs\Latihan-Web\Web-Tools\Pribadi\themes\altum\views\partials\plans_plan_content.php on line 160
[29-Mar-2025 07:48:40 UTC] PHP Warning:  Undefined property: stdClass::$track_links_retention in C:\xampp\htdocs\Latihan-Web\Web-Tools\Pribadi\themes\altum\views\partials\plans_plan_content.php on line 177
[29-Mar-2025 07:48:40 UTC] PHP Warning:  Undefined property: stdClass::$track_links_retention in C:\xampp\htdocs\Latihan-Web\Web-Tools\Pribadi\themes\altum\views\partials\plans_plan_content.php on line 177
[29-Mar-2025 07:48:40 UTC] PHP Warning:  Undefined property: stdClass::$force_splash_page_on_link in C:\xampp\htdocs\Latihan-Web\Web-Tools\Pribadi\themes\altum\views\partials\plans_plan_content.php on line 195
[29-Mar-2025 07:48:40 UTC] PHP Warning:  Undefined property: stdClass::$force_splash_page_on_biolink in C:\xampp\htdocs\Latihan-Web\Web-Tools\Pribadi\themes\altum\views\partials\plans_plan_content.php on line 195
[29-Mar-2025 07:48:40 UTC] PHP Warning:  Undefined property: stdClass::$force_splash_page_on_file in C:\xampp\htdocs\Latihan-Web\Web-Tools\Pribadi\themes\altum\views\partials\plans_plan_content.php on line 195
[29-Mar-2025 07:48:40 UTC] PHP Warning:  Undefined property: stdClass::$force_splash_page_on_static in C:\xampp\htdocs\Latihan-Web\Web-Tools\Pribadi\themes\altum\views\partials\plans_plan_content.php on line 195
[29-Mar-2025 07:48:40 UTC] PHP Warning:  Undefined property: stdClass::$force_splash_page_on_vcard in C:\xampp\htdocs\Latihan-Web\Web-Tools\Pribadi\themes\altum\views\partials\plans_plan_content.php on line 195
[29-Mar-2025 07:48:40 UTC] PHP Warning:  Undefined property: stdClass::$force_splash_page_on_event in C:\xampp\htdocs\Latihan-Web\Web-Tools\Pribadi\themes\altum\views\partials\plans_plan_content.php on line 195
[29-Mar-2025 07:48:40 UTC] PHP Warning:  Undefined property: stdClass::$dofollow_is_enabled in C:\xampp\htdocs\Latihan-Web\Web-Tools\Pribadi\themes\altum\views\partials\plans_plan_content.php on line 214
[29-Mar-2025 07:48:40 UTC] PHP Warning:  Undefined property: stdClass::$dofollow_is_enabled in C:\xampp\htdocs\Latihan-Web\Web-Tools\Pribadi\themes\altum\views\partials\plans_plan_content.php on line 220
[29-Mar-2025 07:48:40 UTC] PHP Warning:  Undefined property: stdClass::$custom_css_is_enabled in C:\xampp\htdocs\Latihan-Web\Web-Tools\Pribadi\themes\altum\views\partials\plans_plan_content.php on line 214
[29-Mar-2025 07:48:40 UTC] PHP Warning:  Undefined property: stdClass::$custom_css_is_enabled in C:\xampp\htdocs\Latihan-Web\Web-Tools\Pribadi\themes\altum\views\partials\plans_plan_content.php on line 220
[29-Mar-2025 07:48:40 UTC] PHP Warning:  Undefined property: stdClass::$custom_js_is_enabled in C:\xampp\htdocs\Latihan-Web\Web-Tools\Pribadi\themes\altum\views\partials\plans_plan_content.php on line 214
[29-Mar-2025 07:48:40 UTC] PHP Warning:  Undefined property: stdClass::$custom_js_is_enabled in C:\xampp\htdocs\Latihan-Web\Web-Tools\Pribadi\themes\altum\views\partials\plans_plan_content.php on line 220
[29-Mar-2025 07:48:40 UTC] PHP Warning:  Undefined property: stdClass::$cloaking_is_enabled in C:\xampp\htdocs\Latihan-Web\Web-Tools\Pribadi\themes\altum\views\partials\plans_plan_content.php on line 214
[29-Mar-2025 07:48:40 UTC] PHP Warning:  Undefined property: stdClass::$cloaking_is_enabled in C:\xampp\htdocs\Latihan-Web\Web-Tools\Pribadi\themes\altum\views\partials\plans_plan_content.php on line 220
[29-Mar-2025 07:48:40 UTC] PHP Warning:  Undefined property: stdClass::$app_linking_is_enabled in C:\xampp\htdocs\Latihan-Web\Web-Tools\Pribadi\themes\altum\views\partials\plans_plan_content.php on line 214
[29-Mar-2025 07:48:40 UTC] PHP Warning:  Undefined property: stdClass::$app_linking_is_enabled in C:\xampp\htdocs\Latihan-Web\Web-Tools\Pribadi\themes\altum\views\partials\plans_plan_content.php on line 220
[29-Mar-2025 07:48:40 UTC] PHP Warning:  Undefined property: stdClass::$pwa in C:\xampp\htdocs\Latihan-Web\Web-Tools\Pribadi\themes\altum\views\wrapper.php on line 10
[29-Mar-2025 07:48:40 UTC] PHP Warning:  Attempt to read property "is_enabled" on null in C:\xampp\htdocs\Latihan-Web\Web-Tools\Pribadi\themes\altum\views\wrapper.php on line 10
[29-Mar-2025 07:48:40 UTC] PHP Warning:  Undefined property: stdClass::$pwa in C:\xampp\htdocs\Latihan-Web\Web-Tools\Pribadi\themes\altum\views\wrapper.php on line 73
[29-Mar-2025 07:48:40 UTC] PHP Warning:  Attempt to read property "is_enabled" on null in C:\xampp\htdocs\Latihan-Web\Web-Tools\Pribadi\themes\altum\views\wrapper.php on line 73
[29-Mar-2025 07:49:35 UTC] PHP Warning:  Undefined property: stdClass::$color in C:\xampp\htdocs\Latihan-Web\Web-Tools\Pribadi\themes\altum\views\partials\plans.php on line 81
[29-Mar-2025 07:49:35 UTC] PHP Warning:  Undefined property: stdClass::$translations in C:\xampp\htdocs\Latihan-Web\Web-Tools\Pribadi\themes\altum\views\partials\plans.php on line 83
[29-Mar-2025 07:49:35 UTC] PHP Warning:  Attempt to read property "english" on null in C:\xampp\htdocs\Latihan-Web\Web-Tools\Pribadi\themes\altum\views\partials\plans.php on line 83
[29-Mar-2025 07:49:35 UTC] PHP Warning:  Attempt to read property "name" on null in C:\xampp\htdocs\Latihan-Web\Web-Tools\Pribadi\themes\altum\views\partials\plans.php on line 83
[29-Mar-2025 07:49:35 UTC] PHP Warning:  Undefined property: stdClass::$translations in C:\xampp\htdocs\Latihan-Web\Web-Tools\Pribadi\themes\altum\views\partials\plans.php on line 86
[29-Mar-2025 07:49:35 UTC] PHP Warning:  Attempt to read property "english" on null in C:\xampp\htdocs\Latihan-Web\Web-Tools\Pribadi\themes\altum\views\partials\plans.php on line 86
[29-Mar-2025 07:49:35 UTC] PHP Warning:  Attempt to read property "price" on null in C:\xampp\htdocs\Latihan-Web\Web-Tools\Pribadi\themes\altum\views\partials\plans.php on line 86
[29-Mar-2025 07:49:35 UTC] PHP Warning:  Undefined property: stdClass::$price in C:\xampp\htdocs\Latihan-Web\Web-Tools\Pribadi\themes\altum\views\partials\plans.php on line 86
[29-Mar-2025 07:49:35 UTC] PHP Warning:  Undefined property: stdClass::$translations in C:\xampp\htdocs\Latihan-Web\Web-Tools\Pribadi\themes\altum\views\partials\plans.php on line 89
[29-Mar-2025 07:49:35 UTC] PHP Warning:  Attempt to read property "english" on null in C:\xampp\htdocs\Latihan-Web\Web-Tools\Pribadi\themes\altum\views\partials\plans.php on line 89
[29-Mar-2025 07:49:35 UTC] PHP Warning:  Attempt to read property "description" on null in C:\xampp\htdocs\Latihan-Web\Web-Tools\Pribadi\themes\altum\views\partials\plans.php on line 89
[29-Mar-2025 07:49:35 UTC] PHP Warning:  Undefined property: stdClass::$description in C:\xampp\htdocs\Latihan-Web\Web-Tools\Pribadi\themes\altum\views\partials\plans.php on line 89
[29-Mar-2025 07:49:35 UTC] PHP Warning:  Undefined property: stdClass::$biolink_blocks_limit in C:\xampp\htdocs\Latihan-Web\Web-Tools\Pribadi\themes\altum\views\partials\plans_plan_content.php on line 14
[29-Mar-2025 07:49:35 UTC] PHP Warning:  Undefined property: stdClass::$biolink_blocks_limit in C:\xampp\htdocs\Latihan-Web\Web-Tools\Pribadi\themes\altum\views\partials\plans_plan_content.php on line 14
[29-Mar-2025 07:49:35 UTC] PHP Warning:  Undefined property: stdClass::$files_limit in C:\xampp\htdocs\Latihan-Web\Web-Tools\Pribadi\themes\altum\views\partials\plans_plan_content.php on line 51
[29-Mar-2025 07:49:35 UTC] PHP Warning:  Undefined property: stdClass::$files_limit in C:\xampp\htdocs\Latihan-Web\Web-Tools\Pribadi\themes\altum\views\partials\plans_plan_content.php on line 51
[29-Mar-2025 07:49:35 UTC] PHP Warning:  Undefined property: stdClass::$vcards_limit in C:\xampp\htdocs\Latihan-Web\Web-Tools\Pribadi\themes\altum\views\partials\plans_plan_content.php on line 57
[29-Mar-2025 07:49:35 UTC] PHP Warning:  Undefined property: stdClass::$vcards_limit in C:\xampp\htdocs\Latihan-Web\Web-Tools\Pribadi\themes\altum\views\partials\plans_plan_content.php on line 57
[29-Mar-2025 07:49:35 UTC] PHP Warning:  Undefined property: stdClass::$events_limit in C:\xampp\htdocs\Latihan-Web\Web-Tools\Pribadi\themes\altum\views\partials\plans_plan_content.php on line 63
[29-Mar-2025 07:49:35 UTC] PHP Warning:  Undefined property: stdClass::$events_limit in C:\xampp\htdocs\Latihan-Web\Web-Tools\Pribadi\themes\altum\views\partials\plans_plan_content.php on line 63
[29-Mar-2025 07:49:35 UTC] PHP Warning:  Undefined property: stdClass::$static_limit in C:\xampp\htdocs\Latihan-Web\Web-Tools\Pribadi\themes\altum\views\partials\plans_plan_content.php on line 69
[29-Mar-2025 07:49:35 UTC] PHP Warning:  Undefined property: stdClass::$static_limit in C:\xampp\htdocs\Latihan-Web\Web-Tools\Pribadi\themes\altum\views\partials\plans_plan_content.php on line 69
[29-Mar-2025 07:49:35 UTC] PHP Warning:  Undefined property: stdClass::$qr_codes_limit in C:\xampp\htdocs\Latihan-Web\Web-Tools\Pribadi\themes\altum\views\partials\plans_plan_content.php on line 75
[29-Mar-2025 07:49:35 UTC] PHP Warning:  Undefined property: stdClass::$qr_codes_limit in C:\xampp\htdocs\Latihan-Web\Web-Tools\Pribadi\themes\altum\views\partials\plans_plan_content.php on line 75
[29-Mar-2025 07:49:35 UTC] PHP Warning:  Undefined property: stdClass::$qr_codes_bulk_limit in C:\xampp\htdocs\Latihan-Web\Web-Tools\Pribadi\themes\altum\views\partials\plans_plan_content.php on line 79
[29-Mar-2025 07:49:35 UTC] PHP Warning:  Undefined property: stdClass::$qr_codes_bulk_limit in C:\xampp\htdocs\Latihan-Web\Web-Tools\Pribadi\themes\altum\views\partials\plans_plan_content.php on line 79
[29-Mar-2025 07:49:35 UTC] PHP Warning:  Undefined property: stdClass::$splash_pages_limit in C:\xampp\htdocs\Latihan-Web\Web-Tools\Pribadi\themes\altum\views\partials\plans_plan_content.php on line 144
[29-Mar-2025 07:49:35 UTC] PHP Warning:  Undefined property: stdClass::$splash_pages_limit in C:\xampp\htdocs\Latihan-Web\Web-Tools\Pribadi\themes\altum\views\partials\plans_plan_content.php on line 144
[29-Mar-2025 07:49:35 UTC] PHP Warning:  Undefined property: stdClass::$teams_limit in C:\xampp\htdocs\Latihan-Web\Web-Tools\Pribadi\themes\altum\views\partials\plans_plan_content.php on line 156
[29-Mar-2025 07:49:35 UTC] PHP Warning:  Undefined property: stdClass::$teams_limit in C:\xampp\htdocs\Latihan-Web\Web-Tools\Pribadi\themes\altum\views\partials\plans_plan_content.php on line 156
[29-Mar-2025 07:49:35 UTC] PHP Warning:  Undefined property: stdClass::$team_members_limit in C:\xampp\htdocs\Latihan-Web\Web-Tools\Pribadi\themes\altum\views\partials\plans_plan_content.php on line 160
[29-Mar-2025 07:49:35 UTC] PHP Warning:  Undefined property: stdClass::$team_members_limit in C:\xampp\htdocs\Latihan-Web\Web-Tools\Pribadi\themes\altum\views\partials\plans_plan_content.php on line 160
[29-Mar-2025 07:49:35 UTC] PHP Warning:  Undefined property: stdClass::$track_links_retention in C:\xampp\htdocs\Latihan-Web\Web-Tools\Pribadi\themes\altum\views\partials\plans_plan_content.php on line 177
[29-Mar-2025 07:49:35 UTC] PHP Warning:  Undefined property: stdClass::$track_links_retention in C:\xampp\htdocs\Latihan-Web\Web-Tools\Pribadi\themes\altum\views\partials\plans_plan_content.php on line 177
[29-Mar-2025 07:49:35 UTC] PHP Warning:  Undefined property: stdClass::$force_splash_page_on_link in C:\xampp\htdocs\Latihan-Web\Web-Tools\Pribadi\themes\altum\views\partials\plans_plan_content.php on line 195
[29-Mar-2025 07:49:35 UTC] PHP Warning:  Undefined property: stdClass::$force_splash_page_on_biolink in C:\xampp\htdocs\Latihan-Web\Web-Tools\Pribadi\themes\altum\views\partials\plans_plan_content.php on line 195
[29-Mar-2025 07:49:35 UTC] PHP Warning:  Undefined property: stdClass::$force_splash_page_on_file in C:\xampp\htdocs\Latihan-Web\Web-Tools\Pribadi\themes\altum\views\partials\plans_plan_content.php on line 195
[29-Mar-2025 07:49:35 UTC] PHP Warning:  Undefined property: stdClass::$force_splash_page_on_static in C:\xampp\htdocs\Latihan-Web\Web-Tools\Pribadi\themes\altum\views\partials\plans_plan_content.php on line 195
[29-Mar-2025 07:49:35 UTC] PHP Warning:  Undefined property: stdClass::$force_splash_page_on_vcard in C:\xampp\htdocs\Latihan-Web\Web-Tools\Pribadi\themes\altum\views\partials\plans_plan_content.php on line 195
[29-Mar-2025 07:49:35 UTC] PHP Warning:  Undefined property: stdClass::$force_splash_page_on_event in C:\xampp\htdocs\Latihan-Web\Web-Tools\Pribadi\themes\altum\views\partials\plans_plan_content.php on line 195
[29-Mar-2025 07:49:35 UTC] PHP Warning:  Undefined property: stdClass::$dofollow_is_enabled in C:\xampp\htdocs\Latihan-Web\Web-Tools\Pribadi\themes\altum\views\partials\plans_plan_content.php on line 214
[29-Mar-2025 07:49:35 UTC] PHP Warning:  Undefined property: stdClass::$dofollow_is_enabled in C:\xampp\htdocs\Latihan-Web\Web-Tools\Pribadi\themes\altum\views\partials\plans_plan_content.php on line 220
[29-Mar-2025 07:49:35 UTC] PHP Warning:  Undefined property: stdClass::$custom_css_is_enabled in C:\xampp\htdocs\Latihan-Web\Web-Tools\Pribadi\themes\altum\views\partials\plans_plan_content.php on line 214
[29-Mar-2025 07:49:35 UTC] PHP Warning:  Undefined property: stdClass::$custom_css_is_enabled in C:\xampp\htdocs\Latihan-Web\Web-Tools\Pribadi\themes\altum\views\partials\plans_plan_content.php on line 220
[29-Mar-2025 07:49:35 UTC] PHP Warning:  Undefined property: stdClass::$custom_js_is_enabled in C:\xampp\htdocs\Latihan-Web\Web-Tools\Pribadi\themes\altum\views\partials\plans_plan_content.php on line 214
[29-Mar-2025 07:49:35 UTC] PHP Warning:  Undefined property: stdClass::$custom_js_is_enabled in C:\xampp\htdocs\Latihan-Web\Web-Tools\Pribadi\themes\altum\views\partials\plans_plan_content.php on line 220
[29-Mar-2025 07:49:35 UTC] PHP Warning:  Undefined property: stdClass::$cloaking_is_enabled in C:\xampp\htdocs\Latihan-Web\Web-Tools\Pribadi\themes\altum\views\partials\plans_plan_content.php on line 214
[29-Mar-2025 07:49:35 UTC] PHP Warning:  Undefined property: stdClass::$cloaking_is_enabled in C:\xampp\htdocs\Latihan-Web\Web-Tools\Pribadi\themes\altum\views\partials\plans_plan_content.php on line 220
[29-Mar-2025 07:49:35 UTC] PHP Warning:  Undefined property: stdClass::$app_linking_is_enabled in C:\xampp\htdocs\Latihan-Web\Web-Tools\Pribadi\themes\altum\views\partials\plans_plan_content.php on line 214
[29-Mar-2025 07:49:35 UTC] PHP Warning:  Undefined property: stdClass::$app_linking_is_enabled in C:\xampp\htdocs\Latihan-Web\Web-Tools\Pribadi\themes\altum\views\partials\plans_plan_content.php on line 220
[29-Mar-2025 07:49:35 UTC] PHP Warning:  Undefined property: stdClass::$pwa in C:\xampp\htdocs\Latihan-Web\Web-Tools\Pribadi\themes\altum\views\wrapper.php on line 10
[29-Mar-2025 07:49:35 UTC] PHP Warning:  Attempt to read property "is_enabled" on null in C:\xampp\htdocs\Latihan-Web\Web-Tools\Pribadi\themes\altum\views\wrapper.php on line 10
[29-Mar-2025 07:49:35 UTC] PHP Warning:  Undefined property: stdClass::$pwa in C:\xampp\htdocs\Latihan-Web\Web-Tools\Pribadi\themes\altum\views\wrapper.php on line 73
[29-Mar-2025 07:49:35 UTC] PHP Warning:  Attempt to read property "is_enabled" on null in C:\xampp\htdocs\Latihan-Web\Web-Tools\Pribadi\themes\altum\views\wrapper.php on line 73
