[25-Mar-2025 04:11:25 UTC] PHP Warning:  Undefined property: stdClass::$color in C:\xampp\htdocs\project-website\Web Tools\themes\altum\views\partials\plans.php on line 81
[25-Mar-2025 04:11:25 UTC] PHP Warning:  Undefined property: stdClass::$translations in C:\xampp\htdocs\project-website\Web Tools\themes\altum\views\partials\plans.php on line 83
[25-Mar-2025 04:11:25 UTC] PHP Warning:  Attempt to read property "english" on null in C:\xampp\htdocs\project-website\Web Tools\themes\altum\views\partials\plans.php on line 83
[25-Mar-2025 04:11:25 UTC] PHP Warning:  Attempt to read property "name" on null in C:\xampp\htdocs\project-website\Web Tools\themes\altum\views\partials\plans.php on line 83
[25-Mar-2025 04:11:25 UTC] PHP Warning:  Undefined property: stdClass::$translations in C:\xampp\htdocs\project-website\Web Tools\themes\altum\views\partials\plans.php on line 86
[25-Mar-2025 04:11:25 UTC] PHP Warning:  Attempt to read property "english" on null in C:\xampp\htdocs\project-website\Web Tools\themes\altum\views\partials\plans.php on line 86
[25-Mar-2025 04:11:25 UTC] PHP Warning:  Attempt to read property "price" on null in C:\xampp\htdocs\project-website\Web Tools\themes\altum\views\partials\plans.php on line 86
[25-Mar-2025 04:11:25 UTC] PHP Warning:  Undefined property: stdClass::$price in C:\xampp\htdocs\project-website\Web Tools\themes\altum\views\partials\plans.php on line 86
[25-Mar-2025 04:11:25 UTC] PHP Warning:  Undefined property: stdClass::$translations in C:\xampp\htdocs\project-website\Web Tools\themes\altum\views\partials\plans.php on line 89
[25-Mar-2025 04:11:25 UTC] PHP Warning:  Attempt to read property "english" on null in C:\xampp\htdocs\project-website\Web Tools\themes\altum\views\partials\plans.php on line 89
[25-Mar-2025 04:11:25 UTC] PHP Warning:  Attempt to read property "description" on null in C:\xampp\htdocs\project-website\Web Tools\themes\altum\views\partials\plans.php on line 89
[25-Mar-2025 04:11:25 UTC] PHP Warning:  Undefined property: stdClass::$description in C:\xampp\htdocs\project-website\Web Tools\themes\altum\views\partials\plans.php on line 89
[25-Mar-2025 04:11:25 UTC] PHP Warning:  Undefined property: stdClass::$biolink_blocks_limit in C:\xampp\htdocs\project-website\Web Tools\themes\altum\views\partials\plans_plan_content.php on line 14
[25-Mar-2025 04:11:25 UTC] PHP Warning:  Undefined property: stdClass::$biolink_blocks_limit in C:\xampp\htdocs\project-website\Web Tools\themes\altum\views\partials\plans_plan_content.php on line 14
[25-Mar-2025 04:11:25 UTC] PHP Warning:  Undefined property: stdClass::$files_limit in C:\xampp\htdocs\project-website\Web Tools\themes\altum\views\partials\plans_plan_content.php on line 51
[25-Mar-2025 04:11:25 UTC] PHP Warning:  Undefined property: stdClass::$files_limit in C:\xampp\htdocs\project-website\Web Tools\themes\altum\views\partials\plans_plan_content.php on line 51
[25-Mar-2025 04:11:25 UTC] PHP Warning:  Undefined property: stdClass::$vcards_limit in C:\xampp\htdocs\project-website\Web Tools\themes\altum\views\partials\plans_plan_content.php on line 57
[25-Mar-2025 04:11:25 UTC] PHP Warning:  Undefined property: stdClass::$vcards_limit in C:\xampp\htdocs\project-website\Web Tools\themes\altum\views\partials\plans_plan_content.php on line 57
[25-Mar-2025 04:11:25 UTC] PHP Warning:  Undefined property: stdClass::$events_limit in C:\xampp\htdocs\project-website\Web Tools\themes\altum\views\partials\plans_plan_content.php on line 63
[25-Mar-2025 04:11:25 UTC] PHP Warning:  Undefined property: stdClass::$events_limit in C:\xampp\htdocs\project-website\Web Tools\themes\altum\views\partials\plans_plan_content.php on line 63
[25-Mar-2025 04:11:25 UTC] PHP Warning:  Undefined property: stdClass::$static_limit in C:\xampp\htdocs\project-website\Web Tools\themes\altum\views\partials\plans_plan_content.php on line 69
[25-Mar-2025 04:11:25 UTC] PHP Warning:  Undefined property: stdClass::$static_limit in C:\xampp\htdocs\project-website\Web Tools\themes\altum\views\partials\plans_plan_content.php on line 69
[25-Mar-2025 04:11:25 UTC] PHP Warning:  Undefined property: stdClass::$qr_codes_limit in C:\xampp\htdocs\project-website\Web Tools\themes\altum\views\partials\plans_plan_content.php on line 75
[25-Mar-2025 04:11:25 UTC] PHP Warning:  Undefined property: stdClass::$qr_codes_limit in C:\xampp\htdocs\project-website\Web Tools\themes\altum\views\partials\plans_plan_content.php on line 75
[25-Mar-2025 04:11:25 UTC] PHP Warning:  Undefined property: stdClass::$qr_codes_bulk_limit in C:\xampp\htdocs\project-website\Web Tools\themes\altum\views\partials\plans_plan_content.php on line 79
[25-Mar-2025 04:11:25 UTC] PHP Warning:  Undefined property: stdClass::$qr_codes_bulk_limit in C:\xampp\htdocs\project-website\Web Tools\themes\altum\views\partials\plans_plan_content.php on line 79
[25-Mar-2025 04:11:25 UTC] PHP Warning:  Undefined property: stdClass::$splash_pages_limit in C:\xampp\htdocs\project-website\Web Tools\themes\altum\views\partials\plans_plan_content.php on line 144
[25-Mar-2025 04:11:25 UTC] PHP Warning:  Undefined property: stdClass::$splash_pages_limit in C:\xampp\htdocs\project-website\Web Tools\themes\altum\views\partials\plans_plan_content.php on line 144
[25-Mar-2025 04:11:25 UTC] PHP Warning:  Undefined property: stdClass::$track_links_retention in C:\xampp\htdocs\project-website\Web Tools\themes\altum\views\partials\plans_plan_content.php on line 177
[25-Mar-2025 04:11:25 UTC] PHP Warning:  Undefined property: stdClass::$track_links_retention in C:\xampp\htdocs\project-website\Web Tools\themes\altum\views\partials\plans_plan_content.php on line 177
[25-Mar-2025 04:11:25 UTC] PHP Warning:  Undefined property: stdClass::$force_splash_page_on_link in C:\xampp\htdocs\project-website\Web Tools\themes\altum\views\partials\plans_plan_content.php on line 195
[25-Mar-2025 04:11:25 UTC] PHP Warning:  Undefined property: stdClass::$force_splash_page_on_biolink in C:\xampp\htdocs\project-website\Web Tools\themes\altum\views\partials\plans_plan_content.php on line 195
[25-Mar-2025 04:11:25 UTC] PHP Warning:  Undefined property: stdClass::$force_splash_page_on_file in C:\xampp\htdocs\project-website\Web Tools\themes\altum\views\partials\plans_plan_content.php on line 195
[25-Mar-2025 04:11:25 UTC] PHP Warning:  Undefined property: stdClass::$force_splash_page_on_static in C:\xampp\htdocs\project-website\Web Tools\themes\altum\views\partials\plans_plan_content.php on line 195
[25-Mar-2025 04:11:25 UTC] PHP Warning:  Undefined property: stdClass::$force_splash_page_on_vcard in C:\xampp\htdocs\project-website\Web Tools\themes\altum\views\partials\plans_plan_content.php on line 195
[25-Mar-2025 04:11:25 UTC] PHP Warning:  Undefined property: stdClass::$force_splash_page_on_event in C:\xampp\htdocs\project-website\Web Tools\themes\altum\views\partials\plans_plan_content.php on line 195
[25-Mar-2025 04:11:25 UTC] PHP Warning:  Undefined property: stdClass::$dofollow_is_enabled in C:\xampp\htdocs\project-website\Web Tools\themes\altum\views\partials\plans_plan_content.php on line 214
[25-Mar-2025 04:11:25 UTC] PHP Warning:  Undefined property: stdClass::$dofollow_is_enabled in C:\xampp\htdocs\project-website\Web Tools\themes\altum\views\partials\plans_plan_content.php on line 220
[25-Mar-2025 04:11:25 UTC] PHP Warning:  Undefined property: stdClass::$custom_css_is_enabled in C:\xampp\htdocs\project-website\Web Tools\themes\altum\views\partials\plans_plan_content.php on line 214
[25-Mar-2025 04:11:25 UTC] PHP Warning:  Undefined property: stdClass::$custom_css_is_enabled in C:\xampp\htdocs\project-website\Web Tools\themes\altum\views\partials\plans_plan_content.php on line 220
[25-Mar-2025 04:11:25 UTC] PHP Warning:  Undefined property: stdClass::$custom_js_is_enabled in C:\xampp\htdocs\project-website\Web Tools\themes\altum\views\partials\plans_plan_content.php on line 214
[25-Mar-2025 04:11:25 UTC] PHP Warning:  Undefined property: stdClass::$custom_js_is_enabled in C:\xampp\htdocs\project-website\Web Tools\themes\altum\views\partials\plans_plan_content.php on line 220
[25-Mar-2025 04:11:25 UTC] PHP Warning:  Undefined property: stdClass::$cloaking_is_enabled in C:\xampp\htdocs\project-website\Web Tools\themes\altum\views\partials\plans_plan_content.php on line 214
[25-Mar-2025 04:11:25 UTC] PHP Warning:  Undefined property: stdClass::$cloaking_is_enabled in C:\xampp\htdocs\project-website\Web Tools\themes\altum\views\partials\plans_plan_content.php on line 220
[25-Mar-2025 04:11:25 UTC] PHP Warning:  Undefined property: stdClass::$app_linking_is_enabled in C:\xampp\htdocs\project-website\Web Tools\themes\altum\views\partials\plans_plan_content.php on line 214
[25-Mar-2025 04:11:25 UTC] PHP Warning:  Undefined property: stdClass::$app_linking_is_enabled in C:\xampp\htdocs\project-website\Web Tools\themes\altum\views\partials\plans_plan_content.php on line 220
[25-Mar-2025 04:11:25 UTC] PHP Warning:  Undefined property: stdClass::$is_enabled in C:\xampp\htdocs\project-website\Web Tools\themes\altum\views\wrapper.php on line 10
[25-Mar-2025 04:11:25 UTC] PHP Warning:  Undefined property: stdClass::$is_enabled in C:\xampp\htdocs\project-website\Web Tools\themes\altum\views\wrapper.php on line 73
[25-Mar-2025 04:11:30 UTC] PHP Warning:  Undefined property: stdClass::$is_enabled in C:\xampp\htdocs\project-website\Web Tools\themes\altum\views\basic_wrapper.php on line 10
[25-Mar-2025 04:11:35 UTC] PHP Warning:  Undefined property: stdClass::$domains in C:\xampp\htdocs\project-website\Web Tools\themes\altum\views\links\links_content.php on line 167
[25-Mar-2025 04:11:35 UTC] PHP Warning:  foreach() argument must be of type array|object, null given in C:\xampp\htdocs\project-website\Web Tools\themes\altum\views\links\links_content.php on line 167
[25-Mar-2025 04:11:35 UTC] PHP Warning:  Undefined property: stdClass::$is_enabled in C:\xampp\htdocs\project-website\Web Tools\themes\altum\views\partials\internal_notifications_js.php on line 7
[25-Mar-2025 04:11:35 UTC] PHP Warning:  Undefined property: stdClass::$is_enabled in C:\xampp\htdocs\project-website\Web Tools\themes\altum\views\partials\internal_notifications_js.php on line 113
[25-Mar-2025 04:11:35 UTC] PHP Warning:  Undefined property: stdClass::$is_enabled in C:\xampp\htdocs\project-website\Web Tools\themes\altum\views\app_wrapper.php on line 10
[25-Mar-2025 04:11:35 UTC] PHP Warning:  Undefined property: stdClass::$is_enabled in C:\xampp\htdocs\project-website\Web Tools\themes\altum\views\app_wrapper.php on line 65
[25-Mar-2025 04:11:38 UTC] PHP Warning:  Undefined property: stdClass::$is_enabled in C:\xampp\htdocs\project-website\Web Tools\themes\altum\views\partials\internal_notifications_js.php on line 7
[25-Mar-2025 04:11:38 UTC] PHP Warning:  Undefined property: stdClass::$is_enabled in C:\xampp\htdocs\project-website\Web Tools\themes\altum\views\partials\internal_notifications_js.php on line 113
[25-Mar-2025 04:11:38 UTC] PHP Warning:  Undefined property: stdClass::$is_enabled in C:\xampp\htdocs\project-website\Web Tools\themes\altum\views\app_wrapper.php on line 10
[25-Mar-2025 04:11:38 UTC] PHP Warning:  Undefined property: stdClass::$is_enabled in C:\xampp\htdocs\project-website\Web Tools\themes\altum\views\app_wrapper.php on line 65
[25-Mar-2025 04:11:39 UTC] PHP Warning:  Undefined property: stdClass::$is_enabled in C:\xampp\htdocs\project-website\Web Tools\themes\altum\views\partials\internal_notifications_js.php on line 7
[25-Mar-2025 04:11:39 UTC] PHP Warning:  Undefined property: stdClass::$is_enabled in C:\xampp\htdocs\project-website\Web Tools\themes\altum\views\partials\internal_notifications_js.php on line 113
[25-Mar-2025 04:11:39 UTC] PHP Warning:  Undefined property: stdClass::$is_enabled in C:\xampp\htdocs\project-website\Web Tools\themes\altum\views\app_wrapper.php on line 10
[25-Mar-2025 04:11:39 UTC] PHP Warning:  Undefined property: stdClass::$is_enabled in C:\xampp\htdocs\project-website\Web Tools\themes\altum\views\app_wrapper.php on line 65
[25-Mar-2025 04:11:40 UTC] PHP Warning:  Undefined property: stdClass::$is_enabled in C:\xampp\htdocs\project-website\Web Tools\themes\altum\views\partials\internal_notifications_js.php on line 7
[25-Mar-2025 04:11:40 UTC] PHP Warning:  Undefined property: stdClass::$is_enabled in C:\xampp\htdocs\project-website\Web Tools\themes\altum\views\partials\internal_notifications_js.php on line 113
[25-Mar-2025 04:11:40 UTC] PHP Warning:  Undefined property: stdClass::$is_enabled in C:\xampp\htdocs\project-website\Web Tools\themes\altum\views\app_wrapper.php on line 10
[25-Mar-2025 04:11:40 UTC] PHP Warning:  Undefined property: stdClass::$is_enabled in C:\xampp\htdocs\project-website\Web Tools\themes\altum\views\app_wrapper.php on line 65
[25-Mar-2025 04:11:42 UTC] PHP Warning:  Undefined property: stdClass::$is_enabled in C:\xampp\htdocs\project-website\Web Tools\themes\altum\views\partials\internal_notifications_js.php on line 7
[25-Mar-2025 04:11:42 UTC] PHP Warning:  Undefined property: stdClass::$is_enabled in C:\xampp\htdocs\project-website\Web Tools\themes\altum\views\partials\internal_notifications_js.php on line 113
[25-Mar-2025 04:11:42 UTC] PHP Warning:  Undefined property: stdClass::$is_enabled in C:\xampp\htdocs\project-website\Web Tools\themes\altum\views\app_wrapper.php on line 10
[25-Mar-2025 04:11:42 UTC] PHP Warning:  Undefined property: stdClass::$is_enabled in C:\xampp\htdocs\project-website\Web Tools\themes\altum\views\app_wrapper.php on line 65
[25-Mar-2025 04:11:43 UTC] PHP Warning:  Undefined property: stdClass::$domains in C:\xampp\htdocs\project-website\Web Tools\themes\altum\views\links\links_content.php on line 167
[25-Mar-2025 04:11:43 UTC] PHP Warning:  foreach() argument must be of type array|object, null given in C:\xampp\htdocs\project-website\Web Tools\themes\altum\views\links\links_content.php on line 167
[25-Mar-2025 04:11:43 UTC] PHP Warning:  Undefined property: stdClass::$is_enabled in C:\xampp\htdocs\project-website\Web Tools\themes\altum\views\partials\internal_notifications_js.php on line 7
[25-Mar-2025 04:11:43 UTC] PHP Warning:  Undefined property: stdClass::$is_enabled in C:\xampp\htdocs\project-website\Web Tools\themes\altum\views\partials\internal_notifications_js.php on line 113
[25-Mar-2025 04:11:43 UTC] PHP Warning:  Undefined property: stdClass::$is_enabled in C:\xampp\htdocs\project-website\Web Tools\themes\altum\views\app_wrapper.php on line 10
[25-Mar-2025 04:11:43 UTC] PHP Warning:  Undefined property: stdClass::$is_enabled in C:\xampp\htdocs\project-website\Web Tools\themes\altum\views\app_wrapper.php on line 65
[25-Mar-2025 04:11:45 UTC] PHP Warning:  Undefined property: stdClass::$is_enabled in C:\xampp\htdocs\project-website\Web Tools\themes\altum\views\partials\internal_notifications_js.php on line 7
[25-Mar-2025 04:11:45 UTC] PHP Warning:  Undefined property: stdClass::$is_enabled in C:\xampp\htdocs\project-website\Web Tools\themes\altum\views\partials\internal_notifications_js.php on line 113
[25-Mar-2025 04:11:45 UTC] PHP Warning:  Undefined property: stdClass::$is_enabled in C:\xampp\htdocs\project-website\Web Tools\themes\altum\views\app_wrapper.php on line 10
[25-Mar-2025 04:11:45 UTC] PHP Warning:  Undefined property: stdClass::$is_enabled in C:\xampp\htdocs\project-website\Web Tools\themes\altum\views\app_wrapper.php on line 65
[25-Mar-2025 04:11:46 UTC] PHP Warning:  Undefined property: stdClass::$is_enabled in C:\xampp\htdocs\project-website\Web Tools\themes\altum\views\partials\internal_notifications_js.php on line 7
[25-Mar-2025 04:11:46 UTC] PHP Warning:  Undefined property: stdClass::$is_enabled in C:\xampp\htdocs\project-website\Web Tools\themes\altum\views\partials\internal_notifications_js.php on line 113
[25-Mar-2025 04:11:46 UTC] PHP Warning:  Undefined property: stdClass::$is_enabled in C:\xampp\htdocs\project-website\Web Tools\themes\altum\views\app_wrapper.php on line 10
[25-Mar-2025 04:11:46 UTC] PHP Warning:  Undefined property: stdClass::$is_enabled in C:\xampp\htdocs\project-website\Web Tools\themes\altum\views\app_wrapper.php on line 65
[25-Mar-2025 04:11:46 UTC] PHP Warning:  Undefined property: stdClass::$is_enabled in C:\xampp\htdocs\project-website\Web Tools\themes\altum\views\partials\internal_notifications_js.php on line 7
[25-Mar-2025 04:11:46 UTC] PHP Warning:  Undefined property: stdClass::$is_enabled in C:\xampp\htdocs\project-website\Web Tools\themes\altum\views\partials\internal_notifications_js.php on line 113
[25-Mar-2025 04:11:46 UTC] PHP Warning:  Undefined property: stdClass::$is_enabled in C:\xampp\htdocs\project-website\Web Tools\themes\altum\views\app_wrapper.php on line 10
[25-Mar-2025 04:11:46 UTC] PHP Warning:  Undefined property: stdClass::$is_enabled in C:\xampp\htdocs\project-website\Web Tools\themes\altum\views\app_wrapper.php on line 65
[25-Mar-2025 04:11:48 UTC] PHP Warning:  Undefined property: stdClass::$is_enabled in C:\xampp\htdocs\project-website\Web Tools\themes\altum\views\partials\internal_notifications_js.php on line 7
[25-Mar-2025 04:11:48 UTC] PHP Warning:  Undefined property: stdClass::$is_enabled in C:\xampp\htdocs\project-website\Web Tools\themes\altum\views\partials\internal_notifications_js.php on line 113
[25-Mar-2025 04:11:48 UTC] PHP Warning:  Undefined property: stdClass::$is_enabled in C:\xampp\htdocs\project-website\Web Tools\themes\altum\views\app_wrapper.php on line 10
[25-Mar-2025 04:11:48 UTC] PHP Warning:  Undefined property: stdClass::$is_enabled in C:\xampp\htdocs\project-website\Web Tools\themes\altum\views\app_wrapper.php on line 65
[25-Mar-2025 04:11:49 UTC] PHP Warning:  Undefined property: stdClass::$is_enabled in C:\xampp\htdocs\project-website\Web Tools\themes\altum\views\partials\internal_notifications_js.php on line 7
[25-Mar-2025 04:11:49 UTC] PHP Warning:  Undefined property: stdClass::$is_enabled in C:\xampp\htdocs\project-website\Web Tools\themes\altum\views\partials\internal_notifications_js.php on line 113
[25-Mar-2025 04:11:49 UTC] PHP Warning:  Undefined property: stdClass::$is_enabled in C:\xampp\htdocs\project-website\Web Tools\themes\altum\views\app_wrapper.php on line 10
[25-Mar-2025 04:11:49 UTC] PHP Warning:  Undefined property: stdClass::$is_enabled in C:\xampp\htdocs\project-website\Web Tools\themes\altum\views\app_wrapper.php on line 65
